d  f   g   h   c      s         b   bvms                       xhs rem        w         
 0  51   0  51      0         0   0 00000000000000000000000000 NIL NIL        NIL       
 1  59  13  46      0         0   9 00000010100111000101000101 LHS monogrammatic monogrammatic
 2  59  15  44      0         0   9 00000010100111000101000101 LHS nogrammatic om        
 3  59  20  39      0         0   9 00000010100111000101000101 LHS mmatic     argon     
 4  59  22  37      0         0   9 00000010100111000101000101 LHS atic       mm        
 5  59  24  35      0         0   9 00000010100111000101000101 LHS ic         ta        
 6  61  28  33      0         0  10 00000010100111100101000101 RHS lo         loci      
 7  65  34  31      0         0  12 00000010100111100101110101 LHS efin       olefin    
 8  65  39  26      0         0  13 00000010100111110101110101 RHS k          knife     
 9  77  48  29      0         0  15 00000011100111110101111101 LHS omondors   komondors 
10  77  50  27      0         0  15 00000011100111110101111101 LHS ondors     mo        
11  77  52  25      0         0  15 00000011100111110101111101 LHS dors       no        
12  77  55  22      0         0  15 00000011100111110101111101 LHS s          rod       
13  83  62  21      0         0  18 00010011101111110101111111 RHS beweep     beweeps   
14  83  64  19      0         0  18 00010011101111110101111111 RHS bewe       pe        
15  83  67  16      0         0  18 00010011101111110101111111 RHS b          ewe       
16  93  73  20      0         0  18 00010011101111110101111111 LHS oners      boners    
17  93  75  18      0         0  18 00010011101111110101111111 LHS ers        no        
18  93  77  16      0         0  18 00010011101111110101111111 LHS s          re        
18  93  77  16      0         0  18 00010011101111110101111111 LHS s          re        
19 103  84  19      0         0  19 01010011101111110101111111 RHS kersey     kerseys   
20 103  87  16      0         0  19 01010011101111110101111111 RHS ker        yes       
21 109  93  16      0         0  19 01010011101111110101111111 LHS nit        reknit    
22 115  99  16      0         0  19 01010011101111110101111111 RHS git        gittin    
23 121 106  15      0         0  20 01010011101111110111111111 LHS hter       tighter   
24 121 109  12      0         0  20 01010011101111110111111111 LHS r          eth       
24 121 109  12      0         0  20 01010011101111110111111111 LHS r          eth       
25 131 115  16      0         0  20 01010011101111110111111111 RHS holle      holler    
26 131 118  13      0         0  20 01010011101111110111111111 RHS ho         ell       
27 137 123  14      0         0  20 01010011101111110111111111 LHS ing        ohing     
28 141 128  13      0         0  20 01010011101111110111111111 RHS se         segni     
29 157 138  19      0         0  20 01010011101111110111111111 LHS calatory   escalatory
30 157 141  16      0         0  20 01010011101111110111111111 LHS atory      lac       
31 157 143  14      0         0  20 01010011101111110111111111 LHS ory        ta        
32 169 151  18      0         0  21 01010111101111110111111111 RHS autog      autogyro  
33 169 153  16      0         0  21 01010111101111110111111111 RHS aut        go        
34 173 160  13      0         0  21 01010111101111110111111111 LHS tera       tuatera   
35 179 167  12      0         0  21 01010111101111110111111111 RHS tab        tabaret   
36 185 173  12      0         0  21 01010111101111110111111111 LHS hos        bathos    
37 185 175  10      0         0  21 01010111101111110111111111 LHS s          oh        
38 199 183  16      0         0  21 01010111101111110111111111 RHS guarani    guaranis  
39 199 185  14      0         0  21 01010111101111110111111111 RHS guara      in        
40 199 187  12      0         0  21 01010111101111110111111111 RHS gua        ar        
41 207 194  13      0         0  21 01010111101111110111111111 LHS itic       augitic   
42 207 196  11      0         0  21 01010111101111110111111111 LHS ic         ti        
43 213 201  12      0         0  21 01010111101111110111111111 RHS far        farci     
44 221 208  13      0         0  21 01010111101111110111111111 LHS fles       raffles   
45 221 211  10      0         0  21 01010111101111110111111111 LHS s          elf       
46 237 220  17      0         0  21 01010111101111110111111111 RHS makebate   makebates 
47 237 223  14      0         0  21 01010111101111110111111111 RHS makeb      eta       
48 237 225  12      0         0  21 01010111101111110111111111 RHS mak        be        
49 243 231  12      0         0  21 01010111101111110111111111 LHS iks        kamiks    
49 243 231  12      0         0  21 01010111101111110111111111 LHS iks        kamiks    
49 243 231  12      0         0  21 01010111101111110111111111 LHS iks        kamiks    
50 255 240  15      0         0  21 01010111101111110111111111 RHS buttin     buttinski 
51 255 243  12      0         0  21 01010111101111110111111111 RHS but        nit       
52 257 247  10      0         0  21 01010111101111110111111111 LHS e          tube      
53 281 260  21      0         0  21 01010111101111110111111111 RHS underestimat underestimate
54 281 263  18      0         0  21 01010111101111110111111111 RHS underesti  tam       
55 281 266  15      0         0  21 01010111101111110111111111 RHS undere     its       
56 281 268  13      0         0  21 01010111101111110111111111 RHS unde       er        
57 281 270  11      0         0  21 01010111101111110111111111 RHS un         ed        
58 283 273  10      0         0  21 01010111101111110111111111 LHS n          nun       
59 293 279  14      0         0  21 01010111101111110111111111 RHS cayma      cayman    
60 293 281  12      0         0  21 01010111101111110111111111 RHS cay        am        
61 297 286  11      0         0  21 01010111101111110111111111 LHS ht         yacht     
61 297 286  11      0         0  21 01010111101111110111111111 LHS ht         yacht     
62 305 292  13      0         0  21 01010111101111110111111111 RHS plin       plinth    
63 315 301  14      0         0  21 01010111101111110111111111 LHS otent      nilpotent 
64 315 303  12      0         0  21 01010111101111110111111111 LHS ent        to        
65 315 305  10      0         0  21 01010111101111110111111111 LHS t          ne        
66 343 318  25      0         0  21 01010111101111110111111111 RHS microfilamen microfilament
67 343 322  21      0         0  21 01010111101111110111111111 RHS microfil   nema      
68 343 324  19      0         0  21 01010111101111110111111111 RHS microf     li        
69 343 327  16      0         0  21 01010111101111110111111111 RHS mic        for       
70 343 332  11      0         0  22 01110111101111110111111111 LHS ex         cimex     
71 351 339  12      0         0  22 01110111101111110111111111 RHS polea      poleaxe   
72 351 341  10      0         0  22 01110111101111110111111111 RHS pol        ae        
73 365 350  15      0         0  22 01110111101111110111111111 LHS pering     loppering 
74 365 353  12      0         0  22 01110111101111110111111111 LHS ing        rep       
75 367 358   9      0         0  22 01110111101111110111111111 RHS se         segni     
75 367 358   9      0         0  22 01110111101111110111111111 RHS se         segni     
76 371 362   9      0         0  22 01110111101111110111111111 LHS es         eses      
77 377 367  10      0         0  22 01110111101111110111111111 RHS amu        amuse     
78 377 369   8      0         0  22 01110111101111110111111111 RHS a          um        
78 377 369   8      0         0  22 01110111101111110111111111 RHS a          um        
79 397 379  18      0         0  22 01110111101111110111111111 LHS stigmatic  astigmatic
80 397 383  14      0         0  22 01110111101111110111111111 LHS matic      gits      
81 397 386  11      0         0  22 01110111101111110111111111 LHS ic         tam       
82 405 392  13      0         0  22 01110111101111110111111111 RHS floc       flocci    
83 405 395  10      0         0  22 01110111101111110111111111 RHS f          col       
84 409 399  10      0         0  22 01110111101111110111111111 LHS eus        feus      
85 419 407  12      0         0  22 01110111101111110111111111 RHS nonis      nonissue  
86 419 409  10      0         0  22 01110111101111110111111111 RHS non        si        
87 429 416  13      0         0  22 01110111101111110111111111 LHS acid       nonacid   
88 431 422   9      0         0  22 01110111101111110111111111 RHS mo         modica    
89 441 429  12      0         0  22 01110111101111110111111111 LHS entum      omentum   
90 441 431  10      0         0  22 01110111101111110111111111 LHS tum        ne        
91 441 434   7      0         0  22 01110111101111110111111111 NIL NIL        mut       
91 441 434   7      0         0  22 01110111101111110111111111 NIL NIL        mut       
