d  f   g   h   c      s         b   bvms                       xhs rem        w         
 0   0   0   0      5         5   0 00000000000000000000000000 NIL NIL        NIL       
 1   5   3   2      1         5   2 00000000000000100000010000 LHS lee        lee       
 1   6   3   3      1         5   2 00001000000000000000000001 LHS ava        ava       
 1   6   3   3      1         5   2 00000000000000000100000010 LHS bib        bib       
 1   6   3   3      1         5   2 00000010000000000100000000 LHS tit        tit       
 2  10   5   5      3         7   2 00000000000000100000010000 LHS e          el        
 3  10   8   2      1         7   2 00000000000000100000010000 RHS le         lee       
 2  12   6   6      5        10   2 00001000000000000000000001 NIL NIL        ava       
 2  12   6   6      5        13   2 00000000000000000100000010 NIL NIL        bib       
 2  12   6   6      5        16   2 00000010000000000100000000 NIL NIL        tit       
 4  15  10   5      5        19   2 00000000000000100000010000 NIL NIL        el        
 3  18   9   9      1        19   3 00000010000000000100000010 LHS bib        bib       
 4  18  12   6      5        20   3 00000010000000000100000010 NIL NIL        bib       
 3  18   9   9      1        19   3 00000010000000000100000010 LHS tit        tit       
 3  18   9   9      1        19   4 00000000000101100000010000 RHS mom        mome      
 3  18   9   9      1        19   4 00001010000000000100000001 LHS ava        ava       
 4  18  12   6      5        21   4 00001010000000000100000001 NIL NIL        ava       
 3  18   9   9      1        20   4 00001010000000000100000001 LHS tit        tit       
 3  18   9   9      1        20   4 00001000000000000100000011 LHS ava        ava       
 4  18  12   6      5        22   4 00001000000000000100000011 NIL NIL        ava       
 3  18   9   9      1        21   4 00001000000000000100000011 LHS bib        bib       
 5  21  13   8      1        21   4 00000000000000100100010010 LHS bib        bib       
 5  21  13   8      1        21   4 00000010000000100100010000 LHS tit        tit       
 4  21  13   8      3        22   4 00000000000101100000010000 LHS e          mome      
 5  21  13   8      1        22   4 00001000000000100000010001 LHS ava        ava       
 6  22  16   6      5        24   4 00001000000000100000010001 NIL NIL        ava       
 3  22   9  13      1        24   4 00000000000000100100010010 LHS lee        lee       
 4  22  11  11      3        26   4 00000000000000100100010010 LHS e          el        
 5  22  14   8      1        25   4 00000000000000100100010010 RHS le         lee       
 6  22  16   6      5        27   4 00000010000000100100010000 NIL NIL        tit       
 6  22  16   6      5        29   4 00000000000000100100010010 NIL NIL        bib       
 3  22   9  13      1        29   4 00001000000000100000010001 LHS lee        lee       
 4  22  11  11      3        31   4 00001000000000100000010001 LHS e          el        
 5  22  14   8      1        30   4 00001000000000100000010001 RHS le         lee       
 3  22   9  13      1        30   4 00000010000000100100010000 LHS lee        lee       
 4  22  11  11      3        32   4 00000010000000100100010000 LHS e          el        
 5  22  14   8      1        31   4 00000010000000100100010000 RHS le         lee       
 3  23   9  14      1        31   5 11000000000001100000010000 RHS zym        zyme      
 4  23  11  12      2        32   5 11000000000001100000010000 RHS z          my        
 5  23  15   8      1        32   5 11000000000001100000010000 LHS yme        zyme      
 6  23  17   6      3        33   5 11000000000001100000010000 LHS e          my        
 5  24  15   9      1        33   5 00001010000000000100000011 LHS ava        ava       
 6  24  18   6      5        33   5 00001010000000000100000011 NIL NIL        ava       
 5  24  15   9      1        32   5 00001010000000000100000011 LHS tit        tit       
 5  24  15   9      1        31   5 00001010000000000100000011 LHS bib        bib       
 7  28  19   9      1        31   5 00000010000000100100010010 LHS tit        tit       
 8  28  22   6      5        31   5 00000010000000100100010010 NIL NIL        tit       
 7  28  19   9      1        31   6 00001000000000100100010011 LHS ava        ava       
 8  28  22   6      5        32   6 00001000000000100100010011 NIL NIL        ava       
 7  28  19   9      1        31   5 00000010000000100100010010 LHS bib        bib       
 7  28  19   9      1        31   6 00001010000000100100010001 LHS ava        ava       
 8  28  22   6      5        32   6 00001010000000100100010001 NIL NIL        ava       
 5  28  15  13      1        32   6 00001000000000100100010011 LHS lee        lee       
 6  28  17  11      3        34   6 00001000000000100100010011 LHS e          el        
 7  28  20   8      1        33   6 00001000000000100100010011 RHS le         lee       
 7  28  19   9      1        32   6 00001000000000100100010011 LHS bib        bib       
 7  28  19   9      1        31   6 00001010000000100100010001 LHS tit        tit       
 5  28  15  13      1        31   6 00001010000000100100010001 LHS lee        lee       
 6  28  17  11      3        33   6 00001010000000100100010001 LHS e          el        
 7  28  20   8      1        32   6 00001010000000100100010001 RHS le         lee       
 5  28  15  13      1        32   5 00000010000000100100010010 LHS lee        lee       
 6  28  17  11      3        34   5 00000010000000100100010010 LHS e          el        
 7  28  20   8      1        33   5 00000010000000100100010010 RHS le         lee       
 5  30  15  15      1        33   6 00001000000101100000010001 RHS mom        mome      
 6  30  19  11      3        34   6 00001000000101100000010001 LHS e          mome      
 5  30  15  15      1        34   6 00000010000101100100010000 RHS mom        mome      
 6  30  19  11      3        35   6 00000010000101100100010000 LHS e          mome      
 5  30  15  15      1        35   6 00000000000101100100010010 RHS mom        mome      
 6  30  19  11      3        36   6 00000000000101100100010010 LHS e          mome      
 5  31  16  15      1        36   4 00000000000101100000010000 RHS le         lee       
 6  31  18  13      5        40   4 00000000000101100000010000 NIL NIL        el        
 7  31  21  10      1        39   4 00000000000101100000010000 LHS lee        lee       
 1  31   3  28      1        39   3 00000000000000000000000111 LHS abc        abc       
 7  31  21  10      1        39   6 11000000000101100000010000 RHS mom        mome      
 8  33  25   8      3        39   6 11000000000101100000010000 LHS e          mome      
 5  33  17  16      1        39   6 11000000000101100000010000 RHS zym        zyme      
 6  33  19  14      2        40   6 11000000000101100000010000 RHS z          my        
 7  33  23  10      1        39   6 11000000000101100000010000 LHS yme        zyme      
 7  33  20  13      1        39   5 11000000000001100000010000 RHS le         lee       
 8  33  22  11      5        43   5 11000000000001100000010000 NIL NIL        el        
 9  33  25   8      1        42   5 11000000000001100000010000 LHS lee        lee       
 5  34  15  19      1        42   7 11000000000001100100010010 RHS zym        zyme      
 6  34  17  17      2        43   7 11000000000001100100010010 RHS z          my        
 7  34  21  13      1        43   7 11000000000001100100010010 LHS yme        zyme      
 8  34  23  11      3        44   7 11000000000001100100010010 LHS e          my        
 9  34  25   9      1        44   7 00001010000000100100010011 LHS tit        tit       
10  34  28   6      5        43   7 00001010000000100100010011 NIL NIL        tit       
 5  34  15  19      1        43   7 11000010000001100100010000 RHS zym        zyme      
 6  34  17  17      2        44   7 11000010000001100100010000 RHS z          my        
 7  34  21  13      1        44   7 11000010000001100100010000 LHS yme        zyme      
 8  34  23  11      3        45   7 11000010000001100100010000 LHS e          my        
 5  34  15  19      1        45   7 11001000000001100000010001 RHS zym        zyme      
 6  34  17  17      2        46   7 11001000000001100000010001 RHS z          my        
 7  34  21  13      1        46   7 11001000000001100000010001 LHS yme        zyme      
 8  34  23  11      3        47   7 11001000000001100000010001 LHS e          my        
 9  34  25   9      1        46   7 00001010000000100100010011 LHS ava        ava       
 7  34  21  13      1        46   7 00001010000000100100010011 LHS lee        lee       
 8  34  23  11      3        48   7 00001010000000100100010011 LHS e          el        
 9  34  26   8      1        47   7 00001010000000100100010011 RHS le         lee       
 9  34  25   9      1        46   7 00001010000000100100010011 LHS bib        bib       
 7  36  21  15      1        46   8 00001010000101100100010001 RHS mom        mome      
 8  36  25  11      3        47   8 00001010000101100100010001 LHS e          mome      
 7  36  21  15      1        47   8 00001000000101100100010011 RHS mom        mome      
 8  36  25  11      3        48   8 00001000000101100100010011 LHS e          mome      
 7  36  21  15      1        48   7 00000010000101100100010010 RHS mom        mome      
 8  36  25  11      3        49   7 00000010000101100100010010 LHS e          mome      
 7  37  22  15      1        49   6 00001000000101100000010001 RHS le         lee       
 8  37  24  13      5        52   6 00001000000101100000010001 NIL NIL        el        
 7  37  21  16      1        51   6 00001000000101100000010001 LHS ava        ava       
 3  37   9  28      1        51   4 00000000000000000100000111 LHS abc        abc       
 7  37  21  16      1        51   6 00000010000101100100010000 LHS tit        tit       
 8  37  24  13      5        54   6 00000010000101100100010000 NIL NIL        tit       
 7  37  21  16      1        54   6 00000000000101100100010010 LHS bib        bib       
 8  37  24  13      5        57   6 00000000000101100100010010 NIL NIL        bib       
 7  37  22  15      1        56   6 00000000000101100100010010 RHS le         lee       
 7  37  22  15      1        55   6 00000010000101100100010000 RHS le         lee       
 9  39  25  14      1        55   7 11000010000001100100010000 LHS tit        tit       
10  39  28  11      5        58   7 11000010000001100100010000 NIL NIL        tit       
 9  39  26  13      1        58   7 11001000000001100000010001 RHS le         lee       
10  39  28  11      5        61   7 11001000000001100000010001 NIL NIL        el        
 9  39  26  13      1        60   7 11000010000001100100010000 RHS le         lee       
 9  39  25  14      1        60   7 11000000000001100100010010 LHS bib        bib       
10  39  28  11      5        63   7 11000000000001100100010010 NIL NIL        bib       
 9  39  25  14      1        62   7 11001000000001100000010001 LHS ava        ava       
 9  39  26  13      1        61   7 11000000000001100100010010 RHS le         lee       
 7  40  21  19      1        61   9 11001000000001100100010011 RHS zym        zyme      
 8  40  23  17      2        62   9 11001000000001100100010011 RHS z          my        
 9  40  27  13      1        62   9 11001000000001100100010011 LHS yme        zyme      
10  40  29  11      3        63   9 11001000000001100100010011 LHS e          my        
 7  40  21  19      1        63   9 11001010000001100100010001 RHS zym        zyme      
 8  40  23  17      2        64   9 11001010000001100100010001 RHS z          my        
 9  40  27  13      1        64   9 11001010000001100100010001 LHS yme        zyme      
10  40  29  11      3        65   9 11001010000001100100010001 LHS e          my        
 9  40  27  13      1        64   6 00001000000101100000010001 LHS lee        lee       
 9  40  27  13      1        63   6 00000010000101100100010000 LHS lee        lee       
 9  40  27  13      1        62   6 00000000000101100100010010 LHS lee        lee       
 7  40  21  19      1        62   8 11000010000001100100010010 RHS zym        zyme      
 8  40  23  17      2        62   8 11000010000001100100010010 RHS z          my        
 9  40  27  13      1        62   8 11000010000001100100010010 LHS yme        zyme      
10  40  29  11      3        63   8 11000010000001100100010010 LHS e          my        
 5  41  13  28      1        63   5 00000000000000100000010111 LHS abc        abc       
 7  42  23  19      1        63   8 11001000000101100000010001 RHS zym        zyme      
 8  42  25  17      2        64   8 11001000000101100000010001 RHS z          my        
 9  42  29  13      1        64   8 11001000000101100000010001 LHS yme        zyme      
10  42  31  11      3        64   8 11001000000101100000010001 LHS e          my        
 9  42  27  15      1        64   9 00001010000101100100010011 RHS mom        mome      
10  42  31  11      3        65   9 00001010000101100100010011 LHS e          mome      
 9  42  27  15      1        65   8 11000000000101100100010010 RHS mom        mome      
10  42  31  11      3        65   8 11000000000101100100010010 LHS e          mome      
 9  42  27  15      1        65   8 11000010000101100100010000 RHS mom        mome      
10  42  31  11      3        65   8 11000010000101100100010000 LHS e          mome      
 7  42  23  19      1        65   8 11000010000101100100010000 RHS zym        zyme      
 8  42  25  17      2        66   8 11000010000101100100010000 RHS z          my        
 9  42  29  13      1        65   8 11000010000101100100010000 LHS yme        zyme      
 7  42  23  19      1        65   8 11000000000101100100010010 RHS zym        zyme      
 8  42  25  17      2        66   8 11000000000101100100010010 RHS z          my        
 9  42  29  13      1        65   8 11000000000101100100010010 LHS yme        zyme      
 9  42  27  15      1        64   8 11001000000101100000010001 RHS mom        mome      
 9  43  27  16      1        64   7 00000010000101100100010010 LHS tit        tit       
10  43  30  13      5        65   7 00000010000101100100010010 NIL NIL        tit       
 9  43  27  16      1        65   8 00001010000101100100010001 LHS ava        ava       
10  43  30  13      5        67   8 00001010000101100100010001 NIL NIL        ava       
 9  43  27  16      1        67   8 00001000000101100100010011 LHS bib        bib       
10  43  30  13      5        69   8 00001000000101100100010011 NIL NIL        bib       
 9  43  28  15      1        69   6 11000000000101100000010000 RHS le         lee       
10  43  30  13      5        73   6 11000000000101100000010000 NIL NIL        el        
11  43  33  10      1        72   6 11000000000101100000010000 LHS lee        lee       
 9  43  28  15      1        71   7 00000010000101100100010010 RHS le         lee       
 9  43  27  16      1        70   8 00001010000101100100010001 LHS tit        tit       
 9  43  27  16      1        69   8 00001000000101100100010011 LHS ava        ava       
 9  43  27  16      1        68   7 00000010000101100100010010 LHS bib        bib       
 9  43  28  15      1        67   8 00001010000101100100010001 RHS le         lee       
 9  43  28  15      1        66   8 00001000000101100100010011 RHS le         lee       
11  44  31  13      1        65   7 11000000000001100100010010 LHS lee        lee       
11  44  31  13      1        64   7 11001000000001100000010001 LHS lee        lee       
11  44  31  13      1        63   7 11000010000001100100010000 LHS lee        lee       
11  45  32  13      1        63   8 11000010000001100100010010 RHS le         lee       
12  45  34  11      5        64   8 11000010000001100100010010 NIL NIL        el        
11  45  31  14      1        64   9 11001000000001100100010011 LHS bib        bib       
12  45  34  11      5        66   9 11001000000001100100010011 NIL NIL        bib       
11  45  31  14      1        65   8 11000010000001100100010010 LHS bib        bib       
11  45  31  14      1        65   9 11001010000001100100010001 LHS ava        ava       
12  45  34  11      5        67   9 11001010000001100100010001 NIL NIL        ava       
11  45  31  14      1        66   8 11000010000001100100010010 LHS tit        tit       
11  45  32  13      1        65   9 11001010000001100100010001 RHS le         lee       
11  45  31  14      1        64   9 11001000000001100100010011 LHS ava        ava       
11  45  32  13      1        63   9 11001000000001100100010011 RHS le         lee       
11  45  31  14      1        62   9 11001010000001100100010001 LHS tit        tit       
11  46  33  13      1        61   8 00001010000101100100010001 LHS lee        lee       
 9  46  27  19      1        61  10 11001010000001100100010011 RHS zym        zyme      
10  46  29  17      2        61  10 11001010000001100100010011 RHS z          my        
11  46  33  13      1        61  10 11001010000001100100010011 LHS yme        zyme      
12  46  35  11      3        62  10 11001010000001100100010011 LHS e          my        
11  46  33  13      1        61   7 00000010000101100100010010 LHS lee        lee       
11  46  33  13      1        60   8 00001000000101100100010011 LHS lee        lee       
 7  47  19  28      1        60   6 00000000000000100100010111 LHS abc        abc       
11  48  33  15      1        60   9 11000010000101100100010010 RHS mom        mome      
12  48  37  11      3        60   9 11000010000101100100010010 LHS e          mome      
11  48  33  15      1        60  10 11001000000101100100010011 RHS mom        mome      
12  48  37  11      3        60  10 11001000000101100100010011 LHS e          mome      
 9  48  29  19      1        60   9 11000010000101100100010010 RHS zym        zyme      
10  48  31  17      2        60   9 11000010000101100100010010 RHS z          my        
11  48  35  13      1        59   9 11000010000101100100010010 LHS yme        zyme      
 9  48  29  19      1        59  10 11001000000101100100010011 RHS zym        zyme      
10  48  31  17      2        60  10 11001000000101100100010011 RHS z          my        
11  48  35  13      1        59  10 11001000000101100100010011 LHS yme        zyme      
 9  48  29  19      1        59  10 11001010000101100100010001 RHS zym        zyme      
10  48  31  17      2        60  10 11001010000101100100010001 RHS z          my        
11  48  35  13      1        60  10 11001010000101100100010001 LHS yme        zyme      
12  48  37  11      3        60  10 11001010000101100100010001 LHS e          my        
11  48  33  15      1        59  10 11001010000101100100010001 RHS mom        mome      
11  49  33  16      1        59   9 00001010000101100100010011 LHS ava        ava       
12  49  36  13      5        59   9 00001010000101100100010011 NIL NIL        ava       
11  49  33  16      1        58   9 00001010000101100100010011 LHS bib        bib       
11  49  34  15      1        58   8 11001000000101100000010001 RHS le         lee       
12  49  36  13      5        61   8 11001000000101100000010001 NIL NIL        el        
11  49  34  15      1        61   8 11000010000101100100010000 RHS le         lee       
12  49  36  13      5        64   8 11000010000101100100010000 NIL NIL        el        
11  49  33  16      1        63   8 11000010000101100100010000 LHS tit        tit       
 7  49  21  28      1        63   7 00000000000101100000010111 LHS abc        abc       
11  49  34  15      1        63   8 11000000000101100100010010 RHS le         lee       
12  49  36  13      5        66   8 11000000000101100100010010 NIL NIL        el        
11  49  34  15      1        65   9 00001010000101100100010011 RHS le         lee       
11  49  33  16      1        64   9 00001010000101100100010011 LHS tit        tit       
11  49  33  16      1        63   8 11001000000101100000010001 LHS ava        ava       
11  49  33  16      1        62   8 11000000000101100100010010 LHS bib        bib       
13  50  37  13      1        61   9 11001010000001100100010001 LHS lee        lee       
13  50  37  13      1        60   8 11000010000001100100010010 LHS lee        lee       
13  50  37  13      1        59   9 11001000000001100100010011 LHS lee        lee       
13  51  37  14      1        59  10 11001010000001100100010011 LHS tit        tit       
14  51  40  11      5        59  10 11001010000001100100010011 NIL NIL        tit       
13  51  37  14      1        58  10 11001010000001100100010011 LHS ava        ava       
13  51  38  13      1        57  10 11001010000001100100010011 RHS le         lee       
13  51  37  14      1        56  10 11001010000001100100010011 LHS bib        bib       
13  52  39  13      1        55   8 11001000000101100000010001 LHS lee        lee       
13  52  39  13      1        54   9 00001010000101100100010011 LHS lee        lee       
13  52  39  13      1        53   8 11000010000101100100010000 LHS lee        lee       
13  52  39  13      1        52   8 11000000000101100100010010 LHS lee        lee       
13  54  39  15      1        52  11 11001010000101100100010011 RHS mom        mome      
14  54  43  11      3        52  11 11001010000101100100010011 LHS e          mome      
11  54  35  19      1        52  11 11001010000101100100010011 RHS zym        zyme      
12  54  37  17      2        52  11 11001010000101100100010011 RHS z          my        
13  54  41  13      1        51  11 11001010000101100100010011 LHS yme        zyme      
13  55  40  15      1        51  10 11001010000101100100010001 RHS le         lee       
14  55  42  13      5        53  10 11001010000101100100010001 NIL NIL        el        
13  55  39  16      1        53  10 11001000000101100100010011 LHS bib        bib       
14  55  42  13      5        55  10 11001000000101100100010011 NIL NIL        bib       
13  55  39  16      1        55   9 11000010000101100100010010 LHS bib        bib       
14  55  42  13      5        56   9 11000010000101100100010010 NIL NIL        bib       
13  55  40  15      1        55  10 11001000000101100100010011 RHS le         lee       
 9  55  27  28      1        55   8 00000000000101100100010111 LHS abc        abc       
13  55  40  15      1        54   9 11000010000101100100010010 RHS le         lee       
13  55  39  16      1        53  10 11001010000101100100010001 LHS ava        ava       
13  55  39  16      1        52  10 11001010000101100100010001 LHS tit        tit       
13  55  39  16      1        51   9 11000010000101100100010010 LHS tit        tit       
13  55  39  16      1        50  10 11001000000101100100010011 LHS ava        ava       
15  56  43  13      1        49  10 11001010000001100100010011 LHS lee        lee       
 3  57   9  48      1        49   4 00001000000000000000000111 LHS abc        abc       
 3  57   9  48      1        49   5 00000010000000000100000111 LHS abc        abc       
15  58  45  13      1        48   9 11000010000101100100010010 LHS lee        lee       
15  58  45  13      1        47  10 11001000000101100100010011 LHS lee        lee       
15  58  45  13      1        46  10 11001010000101100100010001 LHS lee        lee       
15  61  46  15      1        46  11 11001010000101100100010011 RHS le         lee       
16  61  48  13      5        46  11 11001010000101100100010011 NIL NIL        el        
15  61  45  16      1        45  11 11001010000101100100010011 LHS bib        bib       
15  61  45  16      1        44  11 11001010000101100100010011 LHS ava        ava       
15  61  45  16      1        43  11 11001010000101100100010011 LHS tit        tit       
 2  62  11  51      1        43   8 00000000000000000011111111 RHS hgfed      hgfedcba  
 3  62  19  43      1        43  11 00000000000000011111111111 LHS ijk        defghijk  
 4  62  26  36      1        43  15 00000000000111111111111111 RHS onml       onmlkji   
 5  62  31  31      2        44  16 00000000001111111111111111 LHS p          lmnop     
 5  62  22  40      1        44  14 11111111111001100000010000 LHS yxwvutsrqp zyxwvutsrqp
 6  62  26  36      1        44  14 11111111111001100000010000 LHS utsrqp     vwxy      
 7  62  31  31      2        45  14 11111111111001100000010000 LHS p          qrstu     
 5  63  15  48      1        45   6 00001010000000000100000111 LHS abc        abc       
 5  63  15  48      1        45   5 00001000000000000100000111 LHS abc        abc       
17  64  51  13      1        44  11 11001010000101100100010011 LHS lee        lee       
 7  67  19  48      1        44   7 00000010000000100100010111 LHS abc        abc       
 7  67  19  48      1        44   6 00001000000000100000010111 LHS abc        abc       
 4  68  17  51      1        43   9 00000000000000000111111111 RHS hgfed      hgfedcba  
 4  68  17  51      1        43   9 00001000000000000011111111 RHS hgfed      hgfedcba  
 5  68  25  43      1        43  12 00001000000000011111111111 LHS ijk        defghijk  
 6  68  32  36      1        43  16 00001000000111111111111111 RHS onml       onmlkji   
 7  68  37  31      2        43  17 00001000001111111111111111 LHS p          lmnop     
 4  68  17  51      1        43  10 00000010000000000111111111 RHS hgfed      hgfedcba  
 5  68  25  43      1        43  12 00000010000000011111111111 LHS ijk        defghijk  
 6  68  32  36      1        43  16 00000010000111111111111111 RHS onml       onmlkji   
 7  68  37  31      2        43  17 00000010001111111111111111 LHS p          lmnop     
 7  68  28  40      1        43  15 11111111111001100000010001 LHS yxwvutsrqp zyxwvutsrqp
 8  68  32  36      1        43  15 11111111111001100000010001 LHS utsrqp     vwxy      
 9  68  37  31      2        44  15 11111111111001100000010001 LHS p          qrstu     
 7  68  28  40      1        44  15 11111111111001100100010000 LHS yxwvutsrqp zyxwvutsrqp
 8  68  32  36      1        44  15 11111111111001100100010000 LHS utsrqp     vwxy      
 9  68  37  31      2        45  15 11111111111001100100010000 LHS p          qrstu     
 7  68  28  40      1        45  16 11111111111001100100010010 LHS yxwvutsrqp zyxwvutsrqp
 8  68  32  36      1        45  16 11111111111001100100010010 LHS utsrqp     vwxy      
 9  68  37  31      2        46  16 11111111111001100100010010 LHS p          qrstu     
 7  70  30  40      1        46  15 11111111111101100000010000 LHS yxwvutsrqp zyxwvutsrqp
 8  70  34  36      1        46  15 11111111111101100000010000 LHS utsrqp     vwxy      
 9  70  39  31      2        46  15 11111111111101100000010000 LHS p          qrstu     
 8  71  42  29      1        46  14 11111111111001100000010000 RHS zyxwvutsrq zyxwvutsrqp
 9  71  47  24      1        46  14 11111111111001100000010000 RHS zyxwv      qrstu     
10  71  51  20      2        46  14 11111111111001100000010000 RHS z          vwxy      
 6  72  21  51      1        46   9 00000000000000100011111111 RHS hgfed      hgfedcba  
 7  72  29  43      1        45  12 00000000000000111111111111 LHS ijk        defghijk  
 9  73  25  48      1        45   8 00001010000000100100010111 LHS abc        abc       
 9  73  25  48      1        45   8 11000000000001100000010111 LHS abc        abc       
 9  73  25  48      1        45   7 00001000000000100100010111 LHS abc        abc       
 9  74  34  40      1        45  17 11111111111001100100010011 LHS yxwvutsrqp zyxwvutsrqp
10  74  38  36      1        45  17 11111111111001100100010011 LHS utsrqp     vwxy      
11  74  43  31      2        46  17 11111111111001100100010011 LHS p          qrstu     
 9  74  34  40      1        46  16 11111111111001100100010001 LHS yxwvutsrqp zyxwvutsrqp
10  74  38  36      1        46  16 11111111111001100100010001 LHS utsrqp     vwxy      
11  74  43  31      2        47  16 11111111111001100100010001 LHS p          qrstu     
 6  74  23  51      1        46  10 00001000000000000111111111 RHS hgfed      hgfedcba  
 6  74  23  51      1        46  11 00001010000000000111111111 RHS hgfed      hgfedcba  
 7  74  31  43      1        46  13 00001010000000011111111111 LHS ijk        defghijk  
 8  74  38  36      1        46  17 00001010000111111111111111 RHS onml       onmlkji   
 9  74  43  31      2        46  18 00001010001111111111111111 LHS p          lmnop     
 9  75  27  48      1        46   9 00000010000101100100010111 LHS abc        abc       
 9  75  27  48      1        46   8 00001000000101100000010111 LHS abc        abc       
 9  76  36  40      1        46  16 11111111111101100000010001 LHS yxwvutsrqp zyxwvutsrqp
10  76  40  36      1        46  16 11111111111101100000010001 LHS utsrqp     vwxy      
11  76  45  31      2        46  16 11111111111101100000010001 LHS p          qrstu     
 9  76  36  40      1        46  17 11111111111101100100010010 LHS yxwvutsrqp zyxwvutsrqp
10  76  40  36      1        46  17 11111111111101100100010010 LHS utsrqp     vwxy      
11  76  45  31      2        46  17 11111111111101100100010010 LHS p          qrstu     
 9  76  36  40      1        46  16 11111111111101100100010000 LHS yxwvutsrqp zyxwvutsrqp
10  76  40  36      1        46  16 11111111111101100100010000 LHS utsrqp     vwxy      
11  76  45  31      2        46  16 11111111111101100100010000 LHS p          qrstu     
10  77  48  29      1        46  16 11111111111001100100010010 RHS zyxwvutsrq zyxwvutsrqp
11  77  53  24      1        46  16 11111111111001100100010010 RHS zyxwv      qrstu     
12  77  57  20      2        46  16 11111111111001100100010010 RHS z          vwxy      
10  77  48  29      1        46  15 11111111111001100100010000 RHS zyxwvutsrq zyxwvutsrqp
11  77  53  24      1        46  15 11111111111001100100010000 RHS zyxwv      qrstu     
12  77  57  20      2        46  15 11111111111001100100010000 RHS z          vwxy      
10  77  48  29      1        46  15 11111111111001100000010001 RHS zyxwvutsrq zyxwvutsrqp
11  77  53  24      1        46  15 11111111111001100000010001 RHS zyxwv      qrstu     
12  77  57  20      2        46  15 11111111111001100000010001 RHS z          vwxy      
 8  78  27  51      1        46  11 00000010000000100111111111 RHS hgfed      hgfedcba  
 9  78  35  43      1        45  13 00000010000000111111111111 LHS ijk        defghijk  
 8  78  27  51      1        45  10 00001000000000100011111111 RHS hgfed      hgfedcba  
 9  78  35  43      1        44  13 00001000000000111111111111 LHS ijk        defghijk  
 8  78  27  51      1        43  10 00000000000000100111111111 RHS hgfed      hgfedcba  
10  79  50  29      1        43  15 11111111111101100000010000 RHS zyxwvutsrq zyxwvutsrqp
11  79  55  24      1        43  15 11111111111101100000010000 RHS zyxwv      qrstu     
12  79  59  20      2        43  15 11111111111101100000010000 RHS z          vwxy      
11  79  31  48      1        43   9 11000000000001100100010111 LHS abc        abc       
11  79  31  48      1        43  10 11000010000001100100010111 LHS abc        abc       
11  79  31  48      1        43   9 11001000000001100000010111 LHS abc        abc       
 8  80  29  51      1        43  11 00000000000101100011111111 RHS hgfed      hgfedcba  
 9  80  37  43      1        42  14 00000000000101111111111111 LHS ijk        defghijk  
11  81  33  48      1        42   9 11000000000101100000010111 LHS abc        abc       
11  81  33  48      1        42   9 00001000000101100100010111 LHS abc        abc       
11  81  33  48      1        42  10 00001010000101100100010111 LHS abc        abc       
11  82  42  40      1        42  17 11111111111101100100010001 LHS yxwvutsrqp zyxwvutsrqp
12  82  46  36      1        42  17 11111111111101100100010001 LHS utsrqp     vwxy      
13  82  51  31      2        42  17 11111111111101100100010001 LHS p          qrstu     
11  82  42  40      1        42  18 11111111111101100100010011 LHS yxwvutsrqp zyxwvutsrqp
12  82  46  36      1        42  18 11111111111101100100010011 LHS utsrqp     vwxy      
13  82  51  31      2        42  18 11111111111101100100010011 LHS p          qrstu     
12  83  54  29      1        42  16 11111111111001100100010001 RHS zyxwvutsrq zyxwvutsrqp
13  83  59  24      1        42  16 11111111111001100100010001 RHS zyxwv      qrstu     
14  83  63  20      2        42  16 11111111111001100100010001 RHS z          vwxy      
11  83  55  28      1        42  14 11111111111001100000010000 LHS yme        zyme      
12  83  57  26      3        44  14 11111111111001100000010000 LHS e          my        
13  83  61  22      1        43  14 11111111111001100000010000 RHS zym        zyme      
12  83  54  29      1        43  17 11111111111001100100010011 RHS zyxwvutsrq zyxwvutsrqp
13  83  59  24      1        43  17 11111111111001100100010011 RHS zyxwv      qrstu     
14  83  63  20      2        43  17 11111111111001100100010011 RHS z          vwxy      
10  84  33  51      1        42  11 00001000000000100111111111 RHS hgfed      hgfedcba  
10  84  33  51      1        42  12 11000000000001100011111111 RHS hgfed      hgfedcba  
11  84  41  43      1        42  15 11000000000001111111111111 LHS ijk        defghijk  
12  84  48  36      1        42  17 11000000000111111111111111 RHS onml       onmlkji   
13  84  53  31      2        42  18 11000000001111111111111111 LHS p          lmnop     
10  84  33  51      1        42  12 00001010000000100111111111 RHS hgfed      hgfedcba  
11  84  41  43      1        41  14 00001010000000111111111111 LHS ijk        defghijk  
12  85  56  29      1        41  16 11111111111101100000010001 RHS zyxwvutsrq zyxwvutsrqp
13  85  61  24      1        41  16 11111111111101100000010001 RHS zyxwv      qrstu     
14  85  65  20      2        41  16 11111111111101100000010001 RHS z          vwxy      
12  85  56  29      1        41  16 11111111111101100100010000 RHS zyxwvutsrq zyxwvutsrqp
13  85  61  24      1        41  16 11111111111101100100010000 RHS zyxwv      qrstu     
14  85  65  20      2        41  16 11111111111101100100010000 RHS z          vwxy      
12  85  56  29      1        41  17 11111111111101100100010010 RHS zyxwvutsrq zyxwvutsrqp
13  85  61  24      1        41  17 11111111111101100100010010 RHS zyxwv      qrstu     
14  85  65  20      2        41  17 11111111111101100100010010 RHS z          vwxy      
13  85  37  48      1        41  10 11001000000001100100010111 LHS abc        abc       
13  85  37  48      1        41  11 11001010000001100100010111 LHS abc        abc       
10  86  35  51      1        41  13 00000010000101100111111111 RHS hgfed      hgfedcba  
11  86  43  43      1        40  15 00000010000101111111111111 LHS ijk        defghijk  
10  86  35  51      1        40  12 00001000000101100011111111 RHS hgfed      hgfedcba  
11  86  43  43      1        39  15 00001000000101111111111111 LHS ijk        defghijk  
10  86  35  51      1        38  12 00000000000101100111111111 RHS hgfed      hgfedcba  
13  87  39  48      1        38  10 11000000000101100100010111 LHS abc        abc       
13  87  39  48      1        38  11 11000010000101100100010111 LHS abc        abc       
13  87  39  48      1        38  10 11001000000101100000010111 LHS abc        abc       
13  89  61  28      1        38  15 11111111111001100100010000 LHS yme        zyme      
14  89  63  26      3        40  15 11111111111001100100010000 LHS e          my        
15  89  67  22      1        39  15 11111111111001100100010000 RHS zym        zyme      
13  89  61  28      1        39  15 11111111111001100000010001 LHS yme        zyme      
14  89  63  26      3        41  15 11111111111001100000010001 LHS e          my        
15  89  67  22      1        40  15 11111111111001100000010001 RHS zym        zyme      
13  89  61  28      1        40  16 11111111111001100100010010 LHS yme        zyme      
14  89  63  26      3        42  16 11111111111001100100010010 LHS e          my        
15  89  67  22      1        41  16 11111111111001100100010010 RHS zym        zyme      
12  90  39  51      1        41  13 11001000000001100011111111 RHS hgfed      hgfedcba  
13  90  47  43      1        41  16 11001000000001111111111111 LHS ijk        defghijk  
14  90  54  36      1        41  18 11001000000111111111111111 RHS onml       onmlkji   
15  90  59  31      2        41  19 11001000001111111111111111 LHS p          lmnop     
12  90  39  51      1        40  13 11000000000001100111111111 RHS hgfed      hgfedcba  
12  90  39  51      1        40  14 11000010000001100111111111 RHS hgfed      hgfedcba  
13  90  47  43      1        40  16 11000010000001111111111111 LHS ijk        defghijk  
14  90  54  36      1        40  18 11000010000111111111111111 RHS onml       onmlkji   
15  90  59  31      2        40  19 11000010001111111111111111 LHS p          lmnop     
14  91  62  29      1        40  18 11111111111101100100010011 RHS zyxwvutsrq zyxwvutsrqp
15  91  67  24      1        40  18 11111111111101100100010011 RHS zyxwv      qrstu     
16  91  71  20      2        40  18 11111111111101100100010011 RHS z          vwxy      
13  91  61  30      1        40  15 11111111111101100000010000 RHS mom        mome      
14  91  65  26      3        41  15 11111111111101100000010000 LHS e          mome      
15  91  69  22      1        40  15 11111111111101100000010000 RHS zym        zyme      
14  91  62  29      1        40  17 11111111111101100100010001 RHS zyxwvutsrq zyxwvutsrqp
15  91  67  24      1        40  17 11111111111101100100010001 RHS zyxwv      qrstu     
16  91  71  20      2        40  17 11111111111101100100010001 RHS z          vwxy      
13  91  63  28      1        39  15 11111111111101100000010000 LHS yme        zyme      
12  92  41  51      1        38  13 00001000000101100111111111 RHS hgfed      hgfedcba  
12  92  41  51      1        38  13 11000000000101100011111111 RHS hgfed      hgfedcba  
13  92  49  43      1        37  16 11000000000101111111111111 LHS ijk        defghijk  
12  92  41  51      1        37  14 00001010000101100111111111 RHS hgfed      hgfedcba  
13  92  49  43      1        36  16 00001010000101111111111111 LHS ijk        defghijk  
15  93  45  48      1        36  12 11001010000101100100010111 LHS abc        abc       
 6  93  42  51      1        36  26 11111111111111111111111111 RHS zyxwvutsrq zyxwvutsrqp
 7  93  47  46      1        36  26 11111111111111111111111111 RHS zyxwv      qrstu     
 8  93  51  42      0        35  26 11111111111111111111111111 RHS z          vwxy      
