d  f   g   h   c      s         b   bvms                       xhs rem        w         
 0  51   0  51     26        26   0 00000000000000000000000000 NIL NIL        NIL       
 1  51   1  50      1        26   1 10000000000000000000000000 LHS z          z         
 2  51   2  49     26        50   1 10000000000000000000000000 NIL NIL        z         
 3  51   3  48      1        50   2 11000000000000000000000000 LHS y          y         
 4  51   4  47     26        74   2 11000000000000000000000000 NIL NIL        y         
 5  51   5  46      1        74   3 11100000000000000000000000 LHS x          x         
 6  51   6  45     26        98   3 11100000000000000000000000 NIL NIL        x         
 7  51   7  44      1        98   4 11110000000000000000000000 LHS w          w         
 8  51   8  43     26       122   4 11110000000000000000000000 NIL NIL        w         
 9  51   9  42      1       122   5 11111000000000000000000000 LHS v          v         
10  51  10  41     26       146   5 11111000000000000000000000 NIL NIL        v         
11  51  11  40      1       146   6 11111100000000000000000000 LHS u          u         
12  51  12  39     26       170   6 11111100000000000000000000 NIL NIL        u         
13  51  13  38      1       170   7 11111110000000000000000000 LHS t          t         
14  51  14  37     26       194   7 11111110000000000000000000 NIL NIL        t         
15  51  15  36      1       194   8 11111111000000000000000000 LHS s          s         
16  51  16  35     26       218   8 11111111000000000000000000 NIL NIL        s         
17  51  17  34      1       218   9 11111111100000000000000000 LHS r          r         
18  51  18  33     26       242   9 11111111100000000000000000 NIL NIL        r         
19  51  19  32      1       242  10 11111111110000000000000000 LHS q          q         
20  51  20  31     26       266  10 11111111110000000000000000 NIL NIL        q         
21  51  21  30      1       266  11 11111111111000000000000000 LHS p          p         
22  51  22  29     26       290  11 11111111111000000000000000 NIL NIL        p         
23  51  23  28      1       290  12 11111111111100000000000000 LHS o          o         
24  51  24  27     26       314  12 11111111111100000000000000 NIL NIL        o         
25  51  25  26      1       314  13 11111111111110000000000000 LHS n          n         
26  51  26  25     26       338  13 11111111111110000000000000 NIL NIL        n         
27  51  27  24      1       338  14 11111111111111000000000000 LHS m          m         
28  51  28  23     26       362  14 11111111111111000000000000 NIL NIL        m         
29  51  29  22      1       362  15 11111111111111100000000000 LHS l          l         
30  51  30  21     26       386  15 11111111111111100000000000 NIL NIL        l         
31  51  31  20      1       386  16 11111111111111110000000000 LHS k          k         
32  51  32  19     26       410  16 11111111111111110000000000 NIL NIL        k         
33  51  33  18      1       410  17 11111111111111111000000000 LHS j          j         
34  51  34  17     26       434  17 11111111111111111000000000 NIL NIL        j         
35  51  35  16      1       434  18 11111111111111111100000000 LHS i          i         
36  51  36  15     26       458  18 11111111111111111100000000 NIL NIL        i         
37  51  37  14      1       458  19 11111111111111111110000000 LHS h          h         
38  51  38  13     26       482  19 11111111111111111110000000 NIL NIL        h         
39  51  39  12      1       482  20 11111111111111111111000000 LHS g          g         
40  51  40  11     26       506  20 11111111111111111111000000 NIL NIL        g         
41  51  41  10      1       506  21 11111111111111111111100000 LHS f          f         
42  51  42   9     26       530  21 11111111111111111111100000 NIL NIL        f         
43  51  43   8      1       530  22 11111111111111111111110000 LHS e          e         
44  51  44   7     26       554  22 11111111111111111111110000 NIL NIL        e         
45  51  45   6      1       554  23 11111111111111111111111000 LHS d          d         
46  51  46   5     26       578  23 11111111111111111111111000 NIL NIL        d         
47  51  47   4      1       578  24 11111111111111111111111100 LHS c          c         
48  51  48   3     26       602  24 11111111111111111111111100 NIL NIL        c         
49  51  49   2      1       602  25 11111111111111111111111110 LHS b          b         
50  51  50   1     26       626  25 11111111111111111111111110 NIL NIL        b         
51  51  51   0      0       625  26 11111111111111111111111111 LHS a          a         
