d  f   g   h   c      s         b   bvms                       xhs rem        w         
 0  51   0  51      0         0   0 00000000000000000000000000 NIL NIL        NIL       
 1  53   6  47      0         0   5 00000011000110000000010000 LHS setons     setons    
 2  53  11  42      0         0   5 00000011000110000000010000 LHS s          notes     
 3  71  25  46      0         0   9 00000011001110000100011001 RHS endopeptidase endopeptidases
 4  71  27  44      0         0   9 00000011001110000100011001 RHS endopeptida es        
 5  71  31  40      0         0   9 00000011001110000100011001 RHS endopep    adit      
 6  71  33  38      0         0   9 00000011001110000100011001 RHS endop      pe        
 7  71  36  35      0         0   9 00000011001110000100011001 RHS en         pod       
 8  85  46  39      0         0  10 00000011001110000101011001 LHS gotiated   negotiated
 9  85  49  36      0         0  10 00000011001110000101011001 LHS iated      tog       
10  85  51  34      0         0  10 00000011001110000101011001 LHS ted        ai        
11  89  56  33      0         0  10 00000011001110000101011001 RHS go         godet     
12  93  61  32      0         0  11 00001011001110000101011001 LHS ive        ogive     
13  97  66  31      0         0  11 00001011001110000101011001 RHS na         naevi     
14 107  74  33      0         0  12 00001011101110000101011001 LHS serine     anserine  
15 109  81  28      0         0  12 00001011101110000101011001 RHS v          venires   
16 121  89  32      0         0  13 00001111101110000101011001 LHS iperous    viperous  
17 121  91  30      0         0  13 00001111101110000101011001 LHS erous      pi        
18 121  94  27      0         0  13 00001111101110000101011001 LHS us         ore       
19 129 101  28      0         0  14 00001111101110001101011001 RHS jujit      jujitsu   
20 129 103  26      0         0  14 00001111101110001101011001 RHS juj        ti        
20 129 103  26      0         0  14 00001111101110001101011001 RHS juj        ti        
21 131 107  24      0         0  14 00001111101110001101011001 LHS u          juju      
22 141 114  27      0         0  15 00001111101110001101011101 RHS turaco     turacou   
23 141 117  24      0         0  15 00001111101110001101011101 RHS tur        oca       
24 145 122  23      0         0  15 00001111101110001101011101 LHS in         rutin     
25 153 129  24      0         0  16 10001111101110001101011101 RHS zinga      zingani   
26 159 137  22      0         0  16 10001111101110001101011101 LHS ing        agnizing  
27 163 142  21      0         0  16 10001111101110001101011101 RHS se         segni     
28 177 152  25      0         0  17 10001111101110101101011101 LHS calating   escalating
29 177 155  22      0         0  17 10001111101110101101011101 LHS ating      lac       
30 177 157  20      0         0  17 10001111101110101101011101 LHS ing        ta        
31 181 162  19      0         0  17 10001111101110101101011101 RHS se         segni     
32 189 169  20      0         0  18 11001111101110101101011101 LHS sayed      essayed   
33 189 171  18      0         0  18 11001111101110101101011101 LHS yed        as        
34 189 174  15      0         0  18 11001111101110101101011101 NIL NIL        dey       
35 201 181  20      0         0  19 11001111101111101101011101 LHS mission    mission   
36 201 184  17      0         0  19 11001111101111101101011101 LHS sion       sim       
37 201 186  15      0         0  19 11001111101111101101011101 LHS on         is        
38 211 193  18      0         0  19 11001111101111101101011101 RHS madro      madrono   
39 211 195  16      0         0  19 11001111101111101101011101 RHS mad        or        
40 219 202  17      0         0  19 11001111101111101101011101 LHS mars       dammars   
41 219 205  14      0         0  19 11001111101111101101011101 LHS s          ram       
41 219 205  14      0         0  19 11001111101111101101011101 LHS s          ram       
42 233 213  20      0         0  19 11001111101111101101011101 RHS snaples    snapless  
43 233 216  17      0         0  19 11001111101111101101011101 RHS snap       sel       
44 233 220  13      0         0  19 11001111101111101101011101 NIL NIL        pans      
45 241 225  16      0         0  20 11011111101111101101011101 LHS dawed      dawed     
46 241 227  14      0         0  20 11011111101111101101011101 LHS wed        ad        
47 247 233  14      0         0  20 11011111101111101101011101 RHS mil        mildew    
48 255 241  14      0         0  21 11011111101111111101011101 LHS ekiln      limekiln  
49 259 248  11      0         0  22 11011111101111111101111101 RHS fa         fanlike   
50 271 257  14      0         0  22 11011111101111111101111101 LHS tertime    aftertime 
51 271 260  11      0         0  22 11011111101111111101111101 LHS time       ret       
52 275 266   9      0         0  22 11011111101111111101111101 RHS re         reemit    
53 287 270  17      0         0  22 11011111101111111101111101 LHS ns         erns      
54 287 274  13      0         0  23 11011111101111111111111101 RHS hi         hisn      
55 289 280   9      0         0  23 11011111101111111111111101 LHS rams       ihrams    
56 293 282  11      0         0  23 11011111101111111111111101 LHS ms         ar        
57 301 290  11      0         0  23 11011111101111111111111101 RHS monadi     monadism  
58 301 292   9      0         0  23 11011111101111111111111101 RHS mona       id        
59 307 298   9      0         0  23 11011111101111111111111101 LHS ie         anomie    
60 317 304  13      0         0  23 11011111101111111111111101 RHS sans       sansei    
61 317 309   8      0         0  23 11011111101111111111111101 LHS h          snash     
62 321 312   9      0         0  23 11011111101111111111111101 RHS ye         yeh       
63 325 317   8      0         0  23 11011111101111111111111101 LHS ras        eyras     
64 327 321   6      0         0  23 11011111101111111111111101 RHS t          tsar      
64 327 321   6      0         0  23 11011111101111111111111101 RHS t          tsar      
65 355 336  19      0         0  23 11011111101111111111111101 LHS oothsomenesses toothsomenesses
66 355 339  16      0         0  23 11011111101111111111111101 LHS hsomenesses too       
67 355 341  14      0         0  23 11011111101111111111111101 LHS omenesses  sh        
68 355 343  12      0         0  23 11011111101111111111111101 LHS enesses    mo        
69 355 347   8      0         0  23 11011111101111111111111101 LHS ses        sene      
70 373 352  21      0         0  23 11011111101111111111111101 RHS fu         fuses     
71 375 361  14      0         0  23 11011111101111111111111101 LHS ologist    ufologist 
72 375 363  12      0         0  23 11011111101111111111111101 LHS ogist      lo        
73 375 365  10      0         0  23 11011111101111111111111101 LHS ist        go        
74 375 367   8      0         0  23 11011111101111111111111101 LHS t          si        
75 383 373  10      0         0  23 11011111101111111111111101 RHS impar      impart    
76 383 376   7      0         0  23 11011111101111111111111101 RHS im         rap       
77 395 384  11      0         0  23 11011111101111111111111101 LHS nified     minified  
78 395 386   9      0         0  23 11011111101111111111111101 LHS fied       in        
79 395 388   7      0         0  23 11011111101111111111111101 LHS ed         if        
80 411 397  14      0         0  23 11011111101111111111111101 RHS riversi    riverside 
81 411 399  12      0         0  23 11011111101111111111111101 RHS river      is        
82 411 402   9      0         0  23 11011111101111111111111101 RHS ri         rev       
83 437 418  19      0         0  24 11011111101111111111111111 LHS reducibilities irreducibilities
84 437 420  17      0         0  24 11011111101111111111111111 LHS ducibilities er        
85 437 423  14      0         0  24 11011111101111111111111111 LHS ibilities  cud       
86 437 425  12      0         0  24 11011111101111111111111111 LHS ilities    bi        
87 437 427  10      0         0  24 11011111101111111111111111 LHS ities      li        
88 437 429   8      0         0  24 11011111101111111111111111 LHS ies        ti        
89 437 432   5      0         0  24 11011111101111111111111111 NIL NIL        sei       
89 437 432   5      0         0  24 11011111101111111111111111 NIL NIL        sei       
90 451 439  12      0         0  24 11011111101111111111111111 LHS naggers    naggers   
91 451 442   9      0         0  24 11011111101111111111111111 LHS gers       gan       
92 451 445   6      0         0  24 11011111101111111111111111 LHS s          reg       
92 451 445   6      0         0  24 11011111101111111111111111 LHS s          reg       
93 467 453  14      0         0  24 11011111101111111111111111 RHS redream    redreams  
94 467 455  12      0         0  24 11011111101111111111111111 RHS redre      ma        
