d  f   g   h   c      s         b   bvms                       xhs rem        w         
 0  51   0  51      5         5   0 00000000000000000000000000 NIL NIL        NIL       
 1  51   3  48      1         5   3 00000000000000000000000111 LHS abc        abc       
 1  53   3  50      1         5   2 00000000000000000100000010 LHS bib        bib       
 2  53   6  47      5         8   2 00000000000000000100000010 NIL NIL        bib       
 1  53   3  50      1         8   2 00000000000000100000010000 LHS lee        lee       
 2  53   5  48      3        10   2 00000000000000100000010000 LHS e          el        
 3  53   9  44      1        10   5 11000000000001100000010000 RHS zym        zyme      
 4  53  11  42      2        11   5 11000000000001100000010000 RHS z          my        
 1  53   3  50      1        11   2 00001000000000000000000001 LHS ava        ava       
 2  53   6  47      5        14   2 00001000000000000000000001 NIL NIL        ava       
 1  53   3  50      1        14   2 00000010000000000100000000 LHS tit        tit       
 2  53   6  47      5        17   2 00000010000000000100000000 NIL NIL        tit       
 3  55   9  46      1        17   4 00000010000000100100010000 LHS lee        lee       
 4  55  11  44      3        19   4 00000010000000100100010000 LHS e          el        
 5  55  15  40      1        19   7 11000010000001100100010000 RHS zym        zyme      
 6  55  17  38      2        20   7 11000010000001100100010000 RHS z          my        
 3  55   9  46      1        20   4 00000000000101100000010000 RHS mom        mome      
 3  55   9  46      1        20   4 00001000000000000100000011 LHS bib        bib       
 4  55  12  43      5        22   4 00001000000000000100000011 NIL NIL        bib       
 3  55   9  46      1        22   4 00000000000000100100010010 LHS lee        lee       
 4  55  11  44      3        24   4 00000000000000100100010010 LHS e          el        
 5  55  15  40      1        24   7 11000000000001100100010010 RHS zym        zyme      
 6  55  17  38      2        25   7 11000000000001100100010010 RHS z          my        
 3  55   9  46      1        24   4 00001000000000000100000011 LHS ava        ava       
 3  55   9  46      1        24   4 00001000000000100000010001 LHS lee        lee       
 4  55  11  44      3        26   4 00001000000000100000010001 LHS e          el        
 5  55  15  40      1        26   7 11001000000001100000010001 RHS zym        zyme      
 6  55  17  38      2        27   7 11001000000001100000010001 RHS z          my        
 3  55   9  46      1        27   4 00001010000000000100000001 LHS tit        tit       
 4  55  12  43      5        29   4 00001010000000000100000001 NIL NIL        tit       
 3  55   9  46      1        28   4 00001010000000000100000001 LHS ava        ava       
 3  55   9  46      1        28   4 00000000000000000100000111 LHS abc        abc       
 5  57  15  42      1        28   6 00001010000000100100010001 LHS lee        lee       
 6  57  17  40      3        30   6 00001010000000100100010001 LHS e          el        
 7  57  21  36      1        30   9 11001010000001100100010001 RHS zym        zyme      
 8  57  23  34      2        31   9 11001010000001100100010001 RHS z          my        
 5  57  15  42      1        31   6 00001000000101100000010001 RHS mom        mome      
 3  57   9  48      1        31   5 00000010000000000100000111 LHS abc        abc       
 3  57   9  48      1        31   3 00000010000000000100000010 LHS bib        bib       
 4  57  12  45      5        32   3 00000010000000000100000010 NIL NIL        bib       
 5  57  15  42      1        32   6 00000010000101100100010000 RHS mom        mome      
 5  57  15  42      1        32   6 00000000000101100100010010 RHS mom        mome      
 5  57  15  42      1        32   6 00001000000000100100010011 LHS lee        lee       
 6  57  17  40      3        34   6 00001000000000100100010011 LHS e          el        
 7  57  21  36      1        34   9 11001000000001100100010011 RHS zym        zyme      
 8  57  23  34      2        35   9 11001000000001100100010011 RHS z          my        
 4  57  13  44      3        36   4 00000000000101100000010000 LHS e          mome      
 3  57   9  48      1        36   4 00001000000000000000000111 LHS abc        abc       
 3  57   8  49      1        36   2 00000000000000100000010000 RHS le         lee       
 4  57  10  47      5        39   2 00000000000000100000010000 NIL NIL        el        
 5  57  13  44      1        39   5 00000000000000100000010111 LHS abc        abc       
 3  57   9  48      1        38   3 00000010000000000100000010 LHS tit        tit       
 5  59  15  44      1        38   5 00001010000000000100000011 LHS ava        ava       
 6  59  18  41      5        38   5 00001010000000000100000011 NIL NIL        ava       
 7  59  21  38      1        38   8 00001010000101100100010001 RHS mom        mome      
 5  59  14  45      1        38   4 00000000000000100100010010 RHS le         lee       
 6  59  16  43      5        40   4 00000000000000100100010010 NIL NIL        el        
 5  59  13  46      1        40   4 00001000000000100000010001 LHS ava        ava       
 6  59  16  43      5        42   4 00001000000000100000010001 NIL NIL        ava       
 5  59  13  46      1        41   4 00000000000000100100010010 LHS bib        bib       
 5  59  14  45      1        40   4 00001000000000100000010001 RHS le         lee       
 5  59  15  44      1        39   5 00001010000000000100000011 LHS bib        bib       
 5  59  15  44      1        39   5 00000010000000100100010010 LHS lee        lee       
 6  59  17  42      3        41   5 00000010000000100100010010 LHS e          el        
 7  59  21  38      1        41   8 11000010000001100100010010 RHS zym        zyme      
 8  59  23  36      2        41   8 11000010000001100100010010 RHS z          my        
 5  59  14  45      1        41   4 00000010000000100100010000 RHS le         lee       
 6  59  16  43      5        43   4 00000010000000100100010000 NIL NIL        el        
 6  59  19  40      3        44   6 00001000000101100000010001 LHS e          mome      
 6  59  19  40      3        45   6 00000010000101100100010000 LHS e          mome      
 5  59  13  46      1        44   4 00000010000000100100010000 LHS tit        tit       
 5  59  15  44      1        43   5 00001010000000000100000011 LHS tit        tit       
 5  59  15  44      1        43   5 11000000000001100000010000 LHS yme        zyme      
 6  59  17  42      3        44   5 11000000000001100000010000 LHS e          my        
 5  59  17  42      1        44   6 11000000000101100000010000 RHS zym        zyme      
 6  59  19  40      2        45   6 11000000000101100000010000 RHS z          my        
 7  59  21  38      1        45   8 00001000000101100100010011 RHS mom        mome      
 6  59  19  40      3        46   6 00000000000101100100010010 LHS e          mome      
 7  61  23  38      1        46   8 11000000000101100100010010 RHS zym        zyme      
 8  61  25  36      2        47   8 11000000000101100100010010 RHS z          my        
 8  61  25  36      3        48   8 00001010000101100100010001 LHS e          mome      
 7  61  20  41      1        48   6 00001010000000100100010001 RHS le         lee       
 8  61  22  39      5        49   6 00001010000000100100010001 NIL NIL        el        
 7  61  21  40      1        49   7 00001010000000100100010011 LHS lee        lee       
 8  61  23  38      3        51   7 00001010000000100100010011 LHS e          el        
 9  61  27  34      1        51  10 11001010000001100100010011 RHS zym        zyme      
10  61  29  32      2        51  10 11001010000001100100010011 RHS z          my        
 7  61  21  40      1        51   7 11000010000001100100010000 LHS yme        zyme      
 8  61  23  38      3        52   7 11000010000001100100010000 LHS e          my        
 8  61  25  36      3        53   8 00001000000101100100010011 LHS e          mome      
 7  61  23  38      1        53   8 11001000000101100000010001 RHS zym        zyme      
 8  61  25  36      2        54   8 11001000000101100000010001 RHS z          my        
 7  61  21  40      1        54   7 00000010000101100100010010 RHS mom        mome      
 7  61  23  38      1        54   8 11000010000101100100010000 RHS zym        zyme      
 8  61  25  36      2        55   8 11000010000101100100010000 RHS z          my        
 7  61  19  42      1        54   6 00001010000000100100010001 LHS ava        ava       
 7  61  19  42      1        53   6 00001010000000100100010001 LHS tit        tit       
 7  61  19  42      1        53   6 00001000000000100100010011 LHS bib        bib       
 8  61  22  39      5        54   6 00001000000000100100010011 NIL NIL        bib       
 7  61  19  42      1        53   6 00001000000000100100010011 LHS ava        ava       
 7  61  19  42      1        53   6 00000000000000100100010111 LHS abc        abc       
 5  61  16  45      1        53   4 00000000000101100000010000 RHS le         lee       
 6  61  18  43      5        57   4 00000000000101100000010000 NIL NIL        el        
 7  61  21  40      1        57   7 00000000000101100000010111 LHS abc        abc       
 7  61  20  41      1        56   6 00001000000000100100010011 RHS le         lee       
 7  61  21  40      1        56   7 11001000000001100000010001 LHS yme        zyme      
 8  61  23  38      3        57   7 11001000000001100000010001 LHS e          my        
 7  61  21  40      1        57   7 11000000000001100100010010 LHS yme        zyme      
 8  61  23  38      3        58   7 11000000000001100100010010 LHS e          my        
 5  62  22  40      1        58  14 11111111111001100000010000 LHS yxwvutsrqp zyxwvutsrqp
 6  62  26  36      1        58  14 11111111111001100000010000 LHS utsrqp     vwxy      
 7  62  31  31      2        59  14 11111111111001100000010000 LHS p          qrstu     
 2  62  11  51      1        59   8 00000000000000000011111111 RHS hgfed      hgfedcba  
 3  62  19  43      1        59  11 00000000000000011111111111 LHS ijk        defghijk  
 4  62  26  36      1        59  15 00000000000111111111111111 RHS onml       onmlkji   
 5  62  31  31      2        60  16 00000000001111111111111111 LHS p          lmnop     
 7  63  21  42      1        60   6 00000010000101100100010000 LHS tit        tit       
 8  63  24  39      5        63   6 00000010000101100100010000 NIL NIL        tit       
 7  63  19  44      1        63   5 00000010000000100100010010 LHS tit        tit       
 8  63  22  41      5        63   5 00000010000000100100010010 NIL NIL        tit       
 7  63  21  42      1        63   6 00000000000101100100010010 LHS bib        bib       
 8  63  24  39      5        66   6 00000000000101100100010010 NIL NIL        bib       
 7  63  21  42      1        66   6 00001000000101100000010001 LHS ava        ava       
 8  63  24  39      5        69   6 00001000000101100000010001 NIL NIL        ava       
 9  63  27  36      1        69   9 00001010000101100100010011 RHS mom        mome      
 9  63  29  34      1        69  10 11001000000101100100010011 RHS zym        zyme      
10  63  31  32      2        70  10 11001000000101100100010011 RHS z          my        
 9  63  27  36      1        70   9 11001010000001100100010001 LHS yme        zyme      
10  63  29  34      3        71   9 11001010000001100100010001 LHS e          my        
 5  63  15  48      1        71   6 00001010000000000100000111 LHS abc        abc       
 7  63  22  41      1        70   6 00000000000101100100010010 RHS le         lee       
 7  63  21  42      1        70   6 11000000000101100000010000 RHS mom        mome      
 5  63  15  48      1        70   5 00001000000000000100000111 LHS abc        abc       
 7  63  20  43      1        70   5 11000000000001100000010000 RHS le         lee       
 8  63  22  41      5        74   5 11000000000001100000010000 NIL NIL        el        
 7  63  19  44      1        73   5 00000010000000100100010010 LHS bib        bib       
 8  63  25  38      3        74   7 00000010000101100100010010 LHS e          mome      
 9  63  29  34      1        74  10 11001010000101100100010001 RHS zym        zyme      
10  63  31  32      2        75  10 11001010000101100100010001 RHS z          my        
 7  63  20  43      1        74   5 00000010000000100100010010 RHS le         lee       
 7  63  22  41      1        73   6 00000010000101100100010000 RHS le         lee       
 7  63  22  41      1        72   6 00001000000101100000010001 RHS le         lee       
 9  63  27  36      1        72   9 11001000000001100100010011 LHS yme        zyme      
10  63  29  34      3        73   9 11001000000001100100010011 LHS e          my        
 9  65  25  40      1        73   7 00001010000000100100010011 LHS ava        ava       
10  65  28  37      5        72   7 00001010000000100100010011 NIL NIL        ava       
 9  65  26  39      1        72   7 11000000000001100100010010 RHS le         lee       
10  65  28  37      5        75   7 11000000000001100100010010 NIL NIL        el        
 9  65  27  38      1        75   8 11000000000101100100010010 RHS mom        mome      
 9  65  26  39      1        75   7 11001000000001100000010001 RHS le         lee       
10  65  28  37      5        78   7 11001000000001100000010001 NIL NIL        el        
 9  65  27  38      1        78   8 11000010000001100100010010 LHS yme        zyme      
10  65  29  36      3        79   8 11000010000001100100010010 LHS e          my        
 9  65  25  40      1        79   7 11000010000001100100010000 LHS tit        tit       
10  65  28  37      5        82   7 11000010000001100100010000 NIL NIL        tit       
 9  65  28  37      1        82   8 00001000000101100100010011 RHS le         lee       
10  65  30  35      5        84   8 00001000000101100100010011 NIL NIL        el        
 9  65  26  39      1        83   7 00001010000000100100010011 RHS le         lee       
 9  65  27  38      1        83   8 00001010000101100100010001 LHS tit        tit       
10  65  30  35      5        85   8 00001010000101100100010001 NIL NIL        tit       
 9  65  28  37      1        84   8 00001010000101100100010001 RHS le         lee       
 9  65  27  38      1        84   8 11000010000101100100010000 RHS mom        mome      
 9  65  25  40      1        83   7 00001010000000100100010011 LHS tit        tit       
 9  65  26  39      1        82   7 11000010000001100100010000 RHS le         lee       
 7  65  23  42      1        81   6 11000000000101100000010000 LHS yme        zyme      
 9  65  27  38      1        81   8 11001000000101100000010001 RHS mom        mome      
 9  65  25  40      1        80   7 11000000000001100100010010 LHS bib        bib       
 9  65  27  38      1        79   8 00001010000101100100010001 LHS ava        ava       
 9  65  27  38      1        79   8 00000000000101100100010111 LHS abc        abc       
 9  65  25  40      1        78   7 00001010000000100100010011 LHS bib        bib       
 9  65  29  36      1        78   9 11000010000101100100010010 RHS zym        zyme      
10  65  31  34      2        78   9 11000010000101100100010010 RHS z          my        
 9  65  25  40      1        77   7 11001000000001100000010001 LHS ava        ava       
 8  65  25  40      3        77   6 11000000000101100000010000 LHS e          mome      
10  65  31  34      3        78   9 00001010000101100100010011 LHS e          mome      
 9  65  27  38      1        77   8 00001000000101100100010011 LHS bib        bib       
 9  65  27  38      1        76   8 00001000000101100100010011 LHS ava        ava       
11  67  32  35      1        76   9 11001000000001100100010011 RHS le         lee       
12  67  34  33      5        78   9 11001000000001100100010011 NIL NIL        el        
10  67  31  36      3        78   8 11000000000101100100010010 LHS e          mome      
 7  67  21  46      1        77   4 00000000000101100000010000 LHS lee        lee       
11  67  31  36      1        76   9 11001000000001100100010011 LHS bib        bib       
 9  67  27  40      1        76   7 00000010000101100100010010 LHS bib        bib       
10  67  30  37      5        77   7 00000010000101100100010010 NIL NIL        bib       
11  67  31  36      1        77   9 11001010000001100100010001 LHS tit        tit       
12  67  34  33      5        79   9 11001010000001100100010001 NIL NIL        tit       
 7  67  19  48      1        79   7 00000010000000100100010111 LHS abc        abc       
11  67  31  36      1        78   9 11001000000001100100010011 LHS ava        ava       
 7  67  19  48      1        78   6 00001000000000100000010111 LHS abc        abc       
11  67  32  35      1        77   9 11001010000001100100010001 RHS le         lee       
11  67  33  34      1        77  10 11001010000001100100010011 LHS yme        zyme      
12  67  35  32      3        78  10 11001010000001100100010011 LHS e          my        
10  67  31  36      3        78   8 11000010000101100100010000 LHS e          mome      
 9  67  29  38      1        77   8 11000010000101100100010000 LHS yme        zyme      
 9  67  29  38      1        76   8 11001000000101100000010001 LHS yme        zyme      
11  67  31  36      1        75   9 11001010000001100100010001 LHS ava        ava       
11  67  35  32      1        75  11 11001010000101100100010011 RHS zym        zyme      
12  67  37  30      2        75  11 11001010000101100100010011 RHS z          my        
11  67  33  34      1        75  10 11001010000101100100010001 RHS mom        mome      
 9  67  27  40      1        74   7 00000010000101100100010010 LHS tit        tit       
11  67  33  34      1        74  10 11001000000101100100010011 RHS mom        mome      
10  67  31  36      3        74   8 11001000000101100000010001 LHS e          mome      
 9  67  29  38      1        73   8 11000000000101100100010010 LHS yme        zyme      
 9  67  28  39      1        72   7 00000010000101100100010010 RHS le         lee       
 4  68  17  51      1        72  10 00000010000000000111111111 RHS hgfed      hgfedcba  
 5  68  25  43      1        72  12 00000010000000011111111111 LHS ijk        defghijk  
 6  68  32  36      1        72  16 00000010000111111111111111 RHS onml       onmlkji   
 7  68  37  31      2        72  17 00000010001111111111111111 LHS p          lmnop     
 7  68  28  40      1        72  16 11111111111001100100010010 LHS yxwvutsrqp zyxwvutsrqp
 8  68  32  36      1        72  16 11111111111001100100010010 LHS utsrqp     vwxy      
 9  68  37  31      2        73  16 11111111111001100100010010 LHS p          qrstu     
 7  68  28  40      1        73  15 11111111111001100000010001 LHS yxwvutsrqp zyxwvutsrqp
 8  68  32  36      1        73  15 11111111111001100000010001 LHS utsrqp     vwxy      
 9  68  37  31      2        74  15 11111111111001100000010001 LHS p          qrstu     
 7  68  28  40      1        74  15 11111111111001100100010000 LHS yxwvutsrqp zyxwvutsrqp
 8  68  32  36      1        74  15 11111111111001100100010000 LHS utsrqp     vwxy      
 9  68  37  31      2        75  15 11111111111001100100010000 LHS p          qrstu     
 4  68  17  51      1        75   9 00001000000000000011111111 RHS hgfed      hgfedcba  
 5  68  25  43      1        75  12 00001000000000011111111111 LHS ijk        defghijk  
 6  68  32  36      1        75  16 00001000000111111111111111 RHS onml       onmlkji   
 7  68  37  31      2        75  17 00001000001111111111111111 LHS p          lmnop     
 4  68  17  51      1        74   9 00000000000000000111111111 RHS hgfed      hgfedcba  
11  69  35  34      1        73  10 11001000000101100100010011 LHS yme        zyme      
11  69  31  38      1        73   8 11000010000001100100010010 LHS tit        tit       
12  69  34  35      5        74   8 11000010000001100100010010 NIL NIL        tit       
11  69  33  36      1        74   9 00001010000101100100010011 LHS tit        tit       
12  69  36  33      5        74   9 00001010000101100100010011 NIL NIL        tit       
11  69  32  37      1        73   8 11000010000001100100010010 RHS le         lee       
 9  69  27  42      1        72   6 00001000000101100000010001 LHS lee        lee       
11  69  31  38      1        71   8 11000010000001100100010010 LHS bib        bib       
 9  69  27  42      1        70   6 00000010000101100100010000 LHS lee        lee       
12  69  37  32      3        70  10 11001000000101100100010011 LHS e          mome      
12  69  37  32      3        70  10 11001010000101100100010001 LHS e          mome      
 9  69  28  41      1        70   6 11000000000101100000010000 RHS le         lee       
10  69  30  39      5        74   6 11000000000101100000010000 NIL NIL        el        
11  69  34  35      1        73   9 00001010000101100100010011 RHS le         lee       
11  69  33  36      1        72   9 00001010000101100100010011 LHS ava        ava       
11  69  33  36      1        71   9 00001010000101100100010011 LHS bib        bib       
11  69  33  36      1        71   9 11000010000101100100010010 RHS mom        mome      
11  69  35  34      1        70  10 11001010000101100100010001 LHS yme        zyme      
 9  69  27  42      1        69   6 00000000000101100100010010 LHS lee        lee       
 9  69  25  44      1        68   5 11000000000001100000010000 LHS lee        lee       
 7  70  30  40      1        68  15 11111111111101100000010000 LHS yxwvutsrqp zyxwvutsrqp
 8  70  34  36      1        68  15 11111111111101100000010000 LHS utsrqp     vwxy      
 9  70  39  31      2        68  15 11111111111101100000010000 LHS p          qrstu     
13  71  37  34      1        68  10 11001010000001100100010011 LHS ava        ava       
14  71  40  31      5        68  10 11001010000001100100010011 NIL NIL        ava       
11  71  34  37      1        68   8 11000000000101100100010010 RHS le         lee       
12  71  36  35      5        71   8 11000000000101100100010010 NIL NIL        el        
11  71  33  38      1        71   8 11001000000101100000010001 LHS ava        ava       
12  71  36  35      5        74   8 11001000000101100000010001 NIL NIL        ava       
11  71  33  38      1        74   8 11000010000101100100010000 LHS tit        tit       
12  71  36  35      5        77   8 11000010000101100100010000 NIL NIL        tit       
12  71  37  34      3        77   9 11000010000101100100010010 LHS e          mome      
11  71  33  38      1        76   8 00001010000101100100010001 LHS lee        lee       
11  71  34  37      1        75   8 11000010000101100100010000 RHS le         lee       
13  71  37  34      1        74  10 11001010000001100100010011 LHS bib        bib       
13  71  38  33      1        73  10 11001010000001100100010011 RHS le         lee       
13  71  39  32      1        73  11 11001010000101100100010011 RHS mom        mome      
11  71  31  40      1        72   7 11000010000001100100010000 LHS lee        lee       
11  71  33  38      1        71   8 11000000000101100100010010 LHS bib        bib       
13  71  37  34      1        70  10 11001010000001100100010011 LHS tit        tit       
11  71  31  40      1        69   7 11000000000001100100010010 LHS lee        lee       
11  71  33  38      1        68   8 00001000000101100100010011 LHS lee        lee       
11  71  34  37      1        67   8 11001000000101100000010001 RHS le         lee       
11  71  35  36      1        66   9 11000010000101100100010010 LHS yme        zyme      
11  71  31  40      1        65   7 11001000000001100000010001 LHS lee        lee       
 6  72  21  51      1        65   9 00000000000000100011111111 RHS hgfed      hgfedcba  
 7  72  29  43      1        64  12 00000000000000111111111111 LHS ijk        defghijk  
13  73  40  33      1        64  10 11001010000101100100010001 RHS le         lee       
14  73  42  31      5        66  10 11001010000101100100010001 NIL NIL        el        
11  73  33  40      1        65   7 00000010000101100100010010 LHS lee        lee       
13  73  37  36      1        64   9 11001000000001100100010011 LHS lee        lee       
 9  73  25  48      1        64   8 00001010000000100100010111 LHS abc        abc       
 9  73  25  48      1        64   7 00001000000000100100010111 LHS abc        abc       
13  73  37  36      1        63   9 11001010000001100100010001 LHS lee        lee       
13  73  40  33      1        63  10 11001000000101100100010011 RHS le         lee       
14  73  42  31      5        65  10 11001000000101100100010011 NIL NIL        el        
13  73  39  34      1        64  10 11001010000101100100010001 LHS tit        tit       
13  73  39  34      1        63  10 11001010000101100100010001 LHS ava        ava       
13  73  39  34      1        62  10 11001000000101100100010011 LHS bib        bib       
13  73  41  32      1        61  11 11001010000101100100010011 LHS yme        zyme      
 9  73  25  48      1        61   8 11000000000001100000010111 LHS abc        abc       
14  73  43  30      3        61  11 11001010000101100100010011 LHS e          mome      
13  73  39  34      1        60  10 11001000000101100100010011 LHS ava        ava       
 9  74  34  40      1        60  16 11111111111001100100010001 LHS yxwvutsrqp zyxwvutsrqp
10  74  38  36      1        60  16 11111111111001100100010001 LHS utsrqp     vwxy      
11  74  43  31      2        61  16 11111111111001100100010001 LHS p          qrstu     
 9  74  34  40      1        61  17 11111111111001100100010011 LHS yxwvutsrqp zyxwvutsrqp
10  74  38  36      1        61  17 11111111111001100100010011 LHS utsrqp     vwxy      
11  74  43  31      2        62  17 11111111111001100100010011 LHS p          qrstu     
 6  74  23  51      1        62  11 00001010000000000111111111 RHS hgfed      hgfedcba  
 7  74  31  43      1        62  13 00001010000000011111111111 LHS ijk        defghijk  
 8  74  38  36      1        62  17 00001010000111111111111111 RHS onml       onmlkji   
 9  74  43  31      2        62  18 00001010001111111111111111 LHS p          lmnop     
 6  74  23  51      1        61  10 00001000000000000111111111 RHS hgfed      hgfedcba  
 9  75  27  48      1        61   9 00000010000101100100010111 LHS abc        abc       
 8  75  42  33      1        61  14 11111111111001100000010000 RHS zyxwvutsrq zyxwvutsrqp
 9  75  47  28      1        61  14 11111111111001100000010000 RHS zyxwv      qrstu     
10  75  51  24      2        61  14 11111111111001100000010000 RHS z          vwxy      
 9  75  27  48      1        61   8 00001000000101100000010111 LHS abc        abc       
13  75  39  36      1        60   9 00001010000101100100010011 LHS lee        lee       
13  75  39  36      1        60   9 11000010000101100100010010 LHS tit        tit       
14  75  42  33      5        61   9 11000010000101100100010010 NIL NIL        tit       
11  75  33  42      1        60   6 11000000000101100000010000 LHS lee        lee       
13  75  37  38      1        59   8 11000010000001100100010010 LHS lee        lee       
13  75  39  36      1        58   9 11000010000101100100010010 LHS bib        bib       
13  75  40  35      1        57   9 11000010000101100100010010 RHS le         lee       
 9  76  36  40      1        57  16 11111111111101100100010000 LHS yxwvutsrqp zyxwvutsrqp
10  76  40  36      1        57  16 11111111111101100100010000 LHS utsrqp     vwxy      
11  76  45  31      2        57  16 11111111111101100100010000 LHS p          qrstu     
 9  76  36  40      1        57  16 11111111111101100000010001 LHS yxwvutsrqp zyxwvutsrqp
10  76  40  36      1        57  16 11111111111101100000010001 LHS utsrqp     vwxy      
11  76  45  31      2        57  16 11111111111101100000010001 LHS p          qrstu     
 9  76  36  40      1        57  17 11111111111101100100010010 LHS yxwvutsrqp zyxwvutsrqp
10  76  40  36      1        57  17 11111111111101100100010010 LHS utsrqp     vwxy      
11  76  45  31      2        57  17 11111111111101100100010010 LHS p          qrstu     
15  77  46  31      1        57  11 11001010000101100100010011 RHS le         lee       
16  77  48  29      5        57  11 11001010000101100100010011 NIL NIL        el        
15  77  45  32      1        56  11 11001010000101100100010011 LHS ava        ava       
15  77  43  34      1        55  10 11001010000001100100010011 LHS lee        lee       
10  77  48  29      1        55  16 11111111111001100100010010 RHS zyxwvutsrq zyxwvutsrqp
11  77  53  24      1        55  16 11111111111001100100010010 RHS zyxwv      qrstu     
12  77  57  20      2        55  16 11111111111001100100010010 RHS z          vwxy      
13  77  39  38      1        54   8 11000010000101100100010000 LHS lee        lee       
13  77  39  38      1        53   8 11001000000101100000010001 LHS lee        lee       
13  77  39  38      1        52   8 11000000000101100100010010 LHS lee        lee       
15  77  45  32      1        51  11 11001010000101100100010011 LHS tit        tit       
15  77  45  32      1        50  11 11001010000101100100010011 LHS bib        bib       
 8  78  27  51      1        49  10 00000000000000100111111111 RHS hgfed      hgfedcba  
 8  78  27  51      1        49  11 00000010000000100111111111 RHS hgfed      hgfedcba  
 9  78  35  43      1        48  13 00000010000000111111111111 LHS ijk        defghijk  
 8  78  27  51      1        48  10 00001000000000100011111111 RHS hgfed      hgfedcba  
 9  78  35  43      1        47  13 00001000000000111111111111 LHS ijk        defghijk  
11  79  31  48      1        47  10 11000010000001100100010111 LHS abc        abc       
10  79  48  31      1        47  15 11111111111001100000010001 RHS zyxwvutsrq zyxwvutsrqp
11  79  53  26      1        47  15 11111111111001100000010001 RHS zyxwv      qrstu     
12  79  57  22      2        47  15 11111111111001100000010001 RHS z          vwxy      
15  79  45  34      1        46  10 11001010000101100100010001 LHS lee        lee       
11  79  31  48      1        46   9 11000000000001100100010111 LHS abc        abc       
10  79  48  31      1        46  15 11111111111001100100010000 RHS zyxwvutsrq zyxwvutsrqp
11  79  53  26      1        46  15 11111111111001100100010000 RHS zyxwv      qrstu     
12  79  57  22      2        46  15 11111111111001100100010000 RHS z          vwxy      
11  79  31  48      1        46   9 11001000000001100000010111 LHS abc        abc       
15  79  45  34      1        45  10 11001000000101100100010011 LHS lee        lee       
 8  80  29  51      1        45  11 00000000000101100011111111 RHS hgfed      hgfedcba  
 9  80  37  43      1        44  14 00000000000101111111111111 LHS ijk        defghijk  
11  81  33  48      1        44  10 00001010000101100100010111 LHS abc        abc       
10  81  50  31      1        44  15 11111111111101100000010000 RHS zyxwvutsrq zyxwvutsrqp
11  81  55  26      1        44  15 11111111111101100000010000 RHS zyxwv      qrstu     
12  81  59  22      2        44  15 11111111111101100000010000 RHS z          vwxy      
15  81  45  36      1        43   9 11000010000101100100010010 LHS lee        lee       
11  81  33  48      1        43   9 11000000000101100000010111 LHS abc        abc       
11  81  33  48      1        43   9 00001000000101100100010111 LHS abc        abc       
11  82  42  40      1        43  18 11111111111101100100010011 LHS yxwvutsrqp zyxwvutsrqp
12  82  46  36      1        43  18 11111111111101100100010011 LHS utsrqp     vwxy      
13  82  51  31      2        43  18 11111111111101100100010011 LHS p          qrstu     
11  82  42  40      1        43  17 11111111111101100100010001 LHS yxwvutsrqp zyxwvutsrqp
12  82  46  36      1        43  17 11111111111101100100010001 LHS utsrqp     vwxy      
13  82  51  31      2        43  17 11111111111101100100010001 LHS p          qrstu     
12  83  54  29      1        43  17 11111111111001100100010011 RHS zyxwvutsrq zyxwvutsrqp
13  83  59  24      1        43  17 11111111111001100100010011 RHS zyxwv      qrstu     
14  83  63  20      2        43  17 11111111111001100100010011 RHS z          vwxy      
12  83  54  29      1        43  16 11111111111001100100010001 RHS zyxwvutsrq zyxwvutsrqp
13  83  59  24      1        43  16 11111111111001100100010001 RHS zyxwv      qrstu     
14  83  63  20      2        43  16 11111111111001100100010001 RHS z          vwxy      
17  83  51  32      1        42  11 11001010000101100100010011 LHS lee        lee       
11  83  55  28      1        42  14 11111111111001100000010000 LHS yme        zyme      
12  83  57  26      3        44  14 11111111111001100000010000 LHS e          my        
10  84  33  51      1        43  11 00001000000000100111111111 RHS hgfed      hgfedcba  
10  84  33  51      1        43  12 11000000000001100011111111 RHS hgfed      hgfedcba  
11  84  41  43      1        43  15 11000000000001111111111111 LHS ijk        defghijk  
12  84  48  36      1        43  17 11000000000111111111111111 RHS onml       onmlkji   
13  84  53  31      2        43  18 11000000001111111111111111 LHS p          lmnop     
10  84  33  51      1        43  12 00001010000000100111111111 RHS hgfed      hgfedcba  
11  84  41  43      1        42  14 00001010000000111111111111 LHS ijk        defghijk  
12  85  56  29      1        42  17 11111111111101100100010010 RHS zyxwvutsrq zyxwvutsrqp
13  85  61  24      1        42  17 11111111111101100100010010 RHS zyxwv      qrstu     
14  85  65  20      2        42  17 11111111111101100100010010 RHS z          vwxy      
13  85  37  48      1        42  10 11001000000001100100010111 LHS abc        abc       
13  85  37  48      1        42  11 11001010000001100100010111 LHS abc        abc       
12  85  56  29      1        42  16 11111111111101100100010000 RHS zyxwvutsrq zyxwvutsrqp
13  85  61  24      1        42  16 11111111111101100100010000 RHS zyxwv      qrstu     
14  85  65  20      2        42  16 11111111111101100100010000 RHS z          vwxy      
12  85  56  29      1        42  16 11111111111101100000010001 RHS zyxwvutsrq zyxwvutsrqp
13  85  61  24      1        42  16 11111111111101100000010001 RHS zyxwv      qrstu     
14  85  65  20      2        42  16 11111111111101100000010001 RHS z          vwxy      
10  86  35  51      1        42  13 00000010000101100111111111 RHS hgfed      hgfedcba  
11  86  43  43      1        41  15 00000010000101111111111111 LHS ijk        defghijk  
10  86  35  51      1        40  12 00000000000101100111111111 RHS hgfed      hgfedcba  
10  86  35  51      1        40  12 00001000000101100011111111 RHS hgfed      hgfedcba  
11  86  43  43      1        39  15 00001000000101111111111111 LHS ijk        defghijk  
13  87  39  48      1        39  10 11001000000101100000010111 LHS abc        abc       
13  87  61  26      1        38  14 11111111111001100000010000 RHS zym        zyme      
13  87  39  48      1        38  11 11000010000101100100010111 LHS abc        abc       
13  87  39  48      1        38  10 11000000000101100100010111 LHS abc        abc       
13  89  61  28      1        38  15 11111111111001100100010000 LHS yme        zyme      
14  89  63  26      3        40  15 11111111111001100100010000 LHS e          my        
13  89  61  28      1        40  16 11111111111001100100010010 LHS yme        zyme      
14  89  63  26      3        42  16 11111111111001100100010010 LHS e          my        
15  89  67  22      1        41  16 11111111111001100100010010 RHS zym        zyme      
13  89  61  28      1        41  15 11111111111001100000010001 LHS yme        zyme      
14  89  63  26      3        43  15 11111111111001100000010001 LHS e          my        
12  90  39  51      1        43  13 11001000000001100011111111 RHS hgfed      hgfedcba  
13  90  47  43      1        43  16 11001000000001111111111111 LHS ijk        defghijk  
14  90  54  36      1        43  18 11001000000111111111111111 RHS onml       onmlkji   
15  90  59  31      2        43  19 11001000001111111111111111 LHS p          lmnop     
12  90  39  51      1        43  14 11000010000001100111111111 RHS hgfed      hgfedcba  
13  90  47  43      1        43  16 11000010000001111111111111 LHS ijk        defghijk  
14  90  54  36      1        43  18 11000010000111111111111111 RHS onml       onmlkji   
15  90  59  31      2        43  19 11000010001111111111111111 LHS p          lmnop     
12  90  39  51      1        42  13 11000000000001100111111111 RHS hgfed      hgfedcba  
13  91  61  30      1        42  15 11111111111101100000010000 RHS mom        mome      
14  91  65  26      3        43  15 11111111111101100000010000 LHS e          mome      
14  91  62  29      1        43  18 11111111111101100100010011 RHS zyxwvutsrq zyxwvutsrqp
15  91  67  24      1        43  18 11111111111101100100010011 RHS zyxwv      qrstu     
16  91  71  20      2        43  18 11111111111101100100010011 RHS z          vwxy      
15  91  67  24      1        42  15 11111111111001100000010001 RHS zym        zyme      
14  91  62  29      1        42  17 11111111111101100100010001 RHS zyxwvutsrq zyxwvutsrqp
15  91  67  24      1        42  17 11111111111101100100010001 RHS zyxwv      qrstu     
16  91  71  20      2        42  17 11111111111101100100010001 RHS z          vwxy      
13  91  63  28      1        41  15 11111111111101100000010000 LHS yme        zyme      
15  91  67  24      1        40  15 11111111111001100100010000 RHS zym        zyme      
12  92  41  51      1        40  13 11000000000101100011111111 RHS hgfed      hgfedcba  
13  92  49  43      1        39  16 11000000000101111111111111 LHS ijk        defghijk  
12  92  41  51      1        38  13 00001000000101100111111111 RHS hgfed      hgfedcba  
12  92  41  51      1        38  14 00001010000101100111111111 RHS hgfed      hgfedcba  
13  92  49  43      1        37  16 00001010000101111111111111 LHS ijk        defghijk  
 6  93  42  51      1        37  26 11111111111111111111111111 RHS zyxwvutsrq zyxwvutsrqp
 7  93  47  46      1        37  26 11111111111111111111111111 RHS zyxwv      qrstu     
 8  93  51  42      0        36  26 11111111111111111111111111 RHS z          vwxy      
