d  f   g   h   c      s         b   bvms                       xhs rem        w         
 0  51   0  51      0         0   0 00000000000000000000000000 NIL NIL        NIL       
 1  51   5  46      0         0   5 00000111000000000000000011 LHS tabus      tabus     
 2  51   7  44      0         0   5 00000111000000000000000011 LHS bus        at        
 3  51  10  41      0         0   5 00000111000000000000000011 NIL NIL        sub       
 4  53  14  39      0         0   8 01000111100000000000001011 LHS yard       yard      
 5  53  17  36      0         0   8 01000111100000000000001011 LHS d          ray       
 6  61  26  35      0         0  12 01000111101110000000011011 RHS unspotte   unspotted 
 7  61  28  33      0         0  12 01000111101110000000011011 RHS unspot     et        
 8  61  31  30      0         0  12 01000111101110000000011011 RHS uns        top       
 9  67  38  29      0         0  13 01000111101110000001011011 LHS gged       snugged   
10  67  41  26      0         0  13 01000111101110000001011011 LHS d          egg       
10  67  41  26      0         0  13 01000111101110000001011011 LHS d          egg       
10  67  41  26      0         0  13 01000111101110000001011011 LHS d          egg       
10  67  41  26      0         0  13 01000111101110000001011011 LHS d          egg       
10  67  41  26      0         0  13 01000111101110000001011011 LHS d          egg       
11  73  47  26      0         0  15 01000111101110100001111011 RHS gulfe      gulfed    
12  73  49  24      0         0  15 01000111101110100001111011 RHS gul        ef        
13  79  56  23      0         0  16 01000111101110100101111011 LHS sail       lugsail   
14  81  61  20      0         0  16 01000111101110100101111011 RHS g          glias     
14  81  61  20      0         0  16 01000111101110100101111011 RHS g          glias     
14  81  61  20      0         0  16 01000111101110100101111011 RHS g          glias     
14  81  61  20      0         0  16 01000111101110100101111011 RHS g          glias     
14  81  61  20      0         0  16 01000111101110100101111011 RHS g          glias     
14  81  61  20      0         0  16 01000111101110100101111011 RHS g          glias     
14  81  61  20      0         0  16 01000111101110100101111011 RHS g          glias     
14  81  61  20      0         0  16 01000111101110100101111011 RHS g          glias     
14  81  61  20      0         0  16 01000111101110100101111011 RHS g          glias     
14  81  61  20      0         0  16 01000111101110100101111011 RHS g          glias     
14  81  61  20      0         0  16 01000111101110100101111011 RHS g          glias     
14  81  61  20      0         0  16 01000111101110100101111011 RHS g          glias     
14  81  61  20      0         0  16 01000111101110100101111011 RHS g          glias     
14  81  61  20      0         0  16 01000111101110100101111011 RHS g          glias     
14  81  61  20      0         0  16 01000111101110100101111011 RHS g          glias     
14  81  61  20      0         0  16 01000111101110100101111011 RHS g          glias     
14  81  61  20      0         0  16 01000111101110100101111011 RHS g          glias     
14  81  61  20      0         0  16 01000111101110100101111011 RHS g          glias     
14  81  61  20      0         0  16 01000111101110100101111011 RHS g          glias     
15  83  64  19      0         0  17 01000111101111100101111011 LHS um         gum       
16  85  67  18      0         0  17 01000111101111100101111011 RHS a          amu       
16  85  67  18      0         0  17 01000111101111100101111011 RHS a          amu       
16  85  67  18      0         0  17 01000111101111100101111011 RHS a          amu       
16  85  67  18      0         0  17 01000111101111100101111011 RHS a          amu       
16  85  67  18      0         0  17 01000111101111100101111011 RHS a          amu       
16  85  67  18      0         0  17 01000111101111100101111011 RHS a          amu       
16  85  67  18      0         0  17 01000111101111100101111011 RHS a          amu       
16  85  67  18      0         0  17 01000111101111100101111011 RHS a          amu       
16  85  67  18      0         0  17 01000111101111100101111011 RHS a          amu       
16  85  67  18      0         0  17 01000111101111100101111011 RHS a          amu       
16  85  67  18      0         0  17 01000111101111100101111011 RHS a          amu       
16  85  67  18      0         0  17 01000111101111100101111011 RHS a          amu       
17  89  71  18      0         0  18 01001111101111100101111011 LHS ver        aver      
18  89  74  15      0         0  18 01001111101111100101111011 NIL NIL        rev       
18  89  74  15      0         0  18 01001111101111100101111011 NIL NIL        rev       
18  89  74  15      0         0  18 01001111101111100101111011 NIL NIL        rev       
18  89  74  15      0         0  18 01001111101111100101111011 NIL NIL        rev       
18  89  74  15      0         0  18 01001111101111100101111011 NIL NIL        rev       
18  89  74  15      0         0  18 01001111101111100101111011 NIL NIL        rev       
18  89  74  15      0         0  18 01001111101111100101111011 NIL NIL        rev       
18  89  74  15      0         0  18 01001111101111100101111011 NIL NIL        rev       
18  89  74  15      0         0  18 01001111101111100101111011 NIL NIL        rev       
18  89  74  15      0         0  18 01001111101111100101111011 NIL NIL        rev       
18  89  74  15      0         0  18 01001111101111100101111011 NIL NIL        rev       
18  89  74  15      0         0  18 01001111101111100101111011 NIL NIL        rev       
18  89  74  15      0         0  18 01001111101111100101111011 NIL NIL        rev       
18  89  74  15      0         0  18 01001111101111100101111011 NIL NIL        rev       
18  89  74  15      0         0  18 01001111101111100101111011 NIL NIL        rev       
18  89  74  15      0         0  18 01001111101111100101111011 NIL NIL        rev       
18  89  74  15      0         0  18 01001111101111100101111011 NIL NIL        rev       
18  89  74  15      0         0  18 01001111101111100101111011 NIL NIL        rev       
18  89  74  15      0         0  18 01001111101111100101111011 NIL NIL        rev       
