pewit
dawns
yon
biers
bleb
sods
kevil
recto
ever
coves
hong
wilts
kinas
tsars
outs
obe
bole
nighs
emmer
eide
katas
oxide
aging
edged
sumos
yurta
holy
ains
flap
apse
coati
barny
otter
coos
oaten
barbe
sasin
japes
toro
nit
tumid
golem
wryly
bear
shags
milos
doats
tsar
lugs
dally
dings
siver
whits
theft
ameer
kyars
overt
moult
loges
cornu
gooks
tress
gids
noria
yip
sibs
elmy
flus
gamut
unrig
shoes
levy
froes
mends
neaps
scout
omasa
pec
wharf
kick
piney
indue
gemot
amie
hamza
tyer
cooee
scant
hoe
torot
shank
bices
etyma
worry
joins
hulks
dotes
ruana
fed
saggy
